[1683763200] LOG ROTATION: DAILY
[1683763200] LOG VERSION: 2.0
[1683763200] livestatus: TIMEPERIOD TRANSITION: 24X7;1;1
[1683763208] livestatus: Timeperiod cache not updated, there are no timeperiods (yet)
[1683763268] livestatus: Timeperiod cache not updated, there are no timeperiods (yet)
[1683763328] livestatus: Timeperiod cache not updated, there are no timeperiods (yet)
[1683763388] livestatus: Timeperiod cache not updated, there are no timeperiods (yet)
[1683763448] livestatus: Timeperiod cache not updated, there are no timeperiods (yet)
[1683765677] Warning: A system time change of 0d 0h 36m 33s (forwards in time) has been detected.  Compensating...
[1683765677] livestatus: Timeperiod cache not updated, there are no timeperiods (yet)
[1683765678] livestatus: TIMEPERIOD TRANSITION: 24X7;1;1
[1683772889] Warning: A system time change of 0d 1h 59m 33s (forwards in time) has been detected.  Compensating...
[1683772889] livestatus: Timeperiod cache not updated, there are no timeperiods (yet)
[1683772889] livestatus: TIMEPERIOD TRANSITION: 24X7;1;1
[1683780098] Warning: A system time change of 0d 1h 59m 59s (forwards in time) has been detected.  Compensating...
[1683780098] livestatus: Timeperiod cache not updated, there are no timeperiods (yet)
[1683780098] livestatus: TIMEPERIOD TRANSITION: 24X7;1;1
[1683787307] Warning: A system time change of 0d 1h 59m 32s (forwards in time) has been detected.  Compensating...
[1683787307] livestatus: Timeperiod cache not updated, there are no timeperiods (yet)
[1683787307] livestatus: TIMEPERIOD TRANSITION: 24X7;1;1
[1683790964] Warning: A system time change of 0d 1h 0m 49s (forwards in time) has been detected.  Compensating...
[1683790964] livestatus: Timeperiod cache not updated, there are no timeperiods (yet)
[1683790964] livestatus: TIMEPERIOD TRANSITION: 24X7;1;1
[1683791025] livestatus: Timeperiod cache not updated, there are no timeperiods (yet)
[1683791085] livestatus: Timeperiod cache not updated, there are no timeperiods (yet)
[1683792028] Warning: A system time change of 0d 0h 15m 27s (forwards in time) has been detected.  Compensating...
[1683792028] livestatus: Timeperiod cache not updated, there are no timeperiods (yet)
[1683792028] livestatus: TIMEPERIOD TRANSITION: 24X7;1;1
[1683792088] livestatus: Timeperiod cache not updated, there are no timeperiods (yet)
[1683793042] Warning: A system time change of 0d 0h 15m 26s (forwards in time) has been detected.  Compensating...
[1683793042] livestatus: Timeperiod cache not updated, there are no timeperiods (yet)
[1683793042] livestatus: TIMEPERIOD TRANSITION: 24X7;1;1
[1683795260] Warning: A system time change of 0d 0h 36m 32s (forwards in time) has been detected.  Compensating...
[1683795260] livestatus: Timeperiod cache not updated, there are no timeperiods (yet)
[1683795260] livestatus: TIMEPERIOD TRANSITION: 24X7;1;1
[1683802468] Warning: A system time change of 0d 1h 59m 59s (forwards in time) has been detected.  Compensating...
[1683802468] livestatus: Timeperiod cache not updated, there are no timeperiods (yet)
[1683802468] livestatus: TIMEPERIOD TRANSITION: 24X7;1;1
[1683806739] Warning: A system time change of 0d 1h 10m 33s (forwards in time) has been detected.  Compensating...
[1683806739] livestatus: Timeperiod cache not updated, there are no timeperiods (yet)
[1683806740] livestatus: TIMEPERIOD TRANSITION: 24X7;1;1
[1683812361] Warning: A system time change of 0d 1h 33m 30s (forwards in time) has been detected.  Compensating...
[1683812361] livestatus: Timeperiod cache not updated, there are no timeperiods (yet)
[1683812361] livestatus: TIMEPERIOD TRANSITION: 24X7;1;1
[1683812421] livestatus: Timeperiod cache not updated, there are no timeperiods (yet)
[1683812481] livestatus: Timeperiod cache not updated, there are no timeperiods (yet)
[1683812542] livestatus: Timeperiod cache not updated, there are no timeperiods (yet)
[1683812602] livestatus: Timeperiod cache not updated, there are no timeperiods (yet)
[1683812662] livestatus: Timeperiod cache not updated, there are no timeperiods (yet)
[1683812722] livestatus: Timeperiod cache not updated, there are no timeperiods (yet)
[1683812782] livestatus: Timeperiod cache not updated, there are no timeperiods (yet)
[1683812842] livestatus: Timeperiod cache not updated, there are no timeperiods (yet)
[1683812902] livestatus: Timeperiod cache not updated, there are no timeperiods (yet)
[1683812963] livestatus: Timeperiod cache not updated, there are no timeperiods (yet)
[1683813023] livestatus: Timeperiod cache not updated, there are no timeperiods (yet)
[1683813083] livestatus: Timeperiod cache not updated, there are no timeperiods (yet)
[1683813143] livestatus: Timeperiod cache not updated, there are no timeperiods (yet)
[1683813203] livestatus: Timeperiod cache not updated, there are no timeperiods (yet)
[1683813263] livestatus: Timeperiod cache not updated, there are no timeperiods (yet)
[1683813323] livestatus: Timeperiod cache not updated, there are no timeperiods (yet)
[1683813384] livestatus: Timeperiod cache not updated, there are no timeperiods (yet)
[1683813444] livestatus: Timeperiod cache not updated, there are no timeperiods (yet)
[1683813504] livestatus: Timeperiod cache not updated, there are no timeperiods (yet)
[1683813564] livestatus: Timeperiod cache not updated, there are no timeperiods (yet)
[1683813624] livestatus: Timeperiod cache not updated, there are no timeperiods (yet)
[1683813684] livestatus: Timeperiod cache not updated, there are no timeperiods (yet)
[1683813744] livestatus: Timeperiod cache not updated, there are no timeperiods (yet)
[1683813804] livestatus: Timeperiod cache not updated, there are no timeperiods (yet)
[1683813865] livestatus: Timeperiod cache not updated, there are no timeperiods (yet)
[1683813925] livestatus: Timeperiod cache not updated, there are no timeperiods (yet)
[1683813985] livestatus: Timeperiod cache not updated, there are no timeperiods (yet)
[1683814045] livestatus: Timeperiod cache not updated, there are no timeperiods (yet)
[1683814105] livestatus: Timeperiod cache not updated, there are no timeperiods (yet)
[1683814165] livestatus: Timeperiod cache not updated, there are no timeperiods (yet)
[1683814225] livestatus: Timeperiod cache not updated, there are no timeperiods (yet)
[1683814285] livestatus: Timeperiod cache not updated, there are no timeperiods (yet)
[1683814346] livestatus: Timeperiod cache not updated, there are no timeperiods (yet)
[1683814406] livestatus: Timeperiod cache not updated, there are no timeperiods (yet)
[1683814466] livestatus: Timeperiod cache not updated, there are no timeperiods (yet)
[1683814526] livestatus: Timeperiod cache not updated, there are no timeperiods (yet)
[1683814586] livestatus: Timeperiod cache not updated, there are no timeperiods (yet)
[1683814646] livestatus: Timeperiod cache not updated, there are no timeperiods (yet)
[1683814706] livestatus: Timeperiod cache not updated, there are no timeperiods (yet)
[1683814766] livestatus: Timeperiod cache not updated, there are no timeperiods (yet)
[1683814827] livestatus: Timeperiod cache not updated, there are no timeperiods (yet)
[1683814887] livestatus: Timeperiod cache not updated, there are no timeperiods (yet)
[1683815533] livestatus: Timeperiod cache not updated, there are no timeperiods (yet)
[1683815534] Auto-save of retention data completed successfully.
[1683817680] Warning: A system time change of 0d 0h 34m 56s (forwards in time) has been detected.  Compensating...
[1683817680] livestatus: Timeperiod cache not updated, there are no timeperiods (yet)
[1683817680] livestatus: TIMEPERIOD TRANSITION: 24X7;1;1
[1683817831] livestatus: Timeperiod cache not updated, there are no timeperiods (yet)
[1683817904] livestatus: Timeperiod cache not updated, there are no timeperiods (yet)
[1683817978] livestatus: Timeperiod cache not updated, there are no timeperiods (yet)
[1683818322] livestatus: Timeperiod cache not updated, there are no timeperiods (yet)
[1683818397] livestatus: Timeperiod cache not updated, there are no timeperiods (yet)
[1683824841] Warning: A system time change of 0d 1h 46m 54s (forwards in time) has been detected.  Compensating...
[1683824841] livestatus: Timeperiod cache not updated, there are no timeperiods (yet)
[1683824841] livestatus: TIMEPERIOD TRANSITION: 24X7;1;1
[1683830776] Warning: A system time change of 0d 1h 38m 18s (forwards in time) has been detected.  Compensating...
[1683830776] livestatus: Timeperiod cache not updated, there are no timeperiods (yet)
[1683830776] livestatus: TIMEPERIOD TRANSITION: 24X7;1;1
[1683830807] Warning: A system time change of 0d 0h 0m 1s (backwards in time) has been detected.  Compensating...
[1683830807] livestatus: TIMEPERIOD TRANSITION: 24X7;1;1
[1683831214] livestatus: Timeperiod cache not updated, there are no timeperiods (yet)
[1683834461] Warning: A system time change of 0d 0h 53m 33s (forwards in time) has been detected.  Compensating...
[1683834461] livestatus: Timeperiod cache not updated, there are no timeperiods (yet)
[1683834461] livestatus: TIMEPERIOD TRANSITION: 24X7;1;1
[1683834763] livestatus: Timeperiod cache not updated, there are no timeperiods (yet)
[1683834823] livestatus: Timeperiod cache not updated, there are no timeperiods (yet)
[1683835736] Warning: A system time change of 0d 0h 17m 10s (forwards in time) has been detected.  Compensating...
[1683835736] livestatus: Timeperiod cache not updated, there are no timeperiods (yet)
[1683835737] livestatus: TIMEPERIOD TRANSITION: 24X7;1;1
[1683835737] Warning: A system time change of 0d 0h 2m 3s (backwards in time) has been detected.  Compensating...
[1683835737] livestatus: TIMEPERIOD TRANSITION: 24X7;1;1
[1683835797] livestatus: Timeperiod cache not updated, there are no timeperiods (yet)
[1683835857] livestatus: Timeperiod cache not updated, there are no timeperiods (yet)
[1683837654] livestatus: Timeperiod cache not updated, there are no timeperiods (yet)
[1683837655] livestatus: Timeperiod cache not updated, there are no timeperiods (yet)
[1683837655] Warning: A system time change of 0d 0h 17m 55s (forwards in time) has been detected.  Compensating...
[1683837656] livestatus: TIMEPERIOD TRANSITION: 24X7;1;1
[1683837714] livestatus: Timeperiod cache not updated, there are no timeperiods (yet)
[1683839501] Warning: A system time change of 0d 0h 29m 42s (forwards in time) has been detected.  Compensating...
[1683839501] livestatus: Timeperiod cache not updated, there are no timeperiods (yet)
[1683839501] livestatus: TIMEPERIOD TRANSITION: 24X7;1;1
[1683839561] livestatus: Timeperiod cache not updated, there are no timeperiods (yet)
[1683839621] livestatus: Timeperiod cache not updated, there are no timeperiods (yet)
[1683840599] Warning: A system time change of 0d 0h 15m 32s (forwards in time) has been detected.  Compensating...
[1683840599] livestatus: Timeperiod cache not updated, there are no timeperiods (yet)
[1683840599] livestatus: TIMEPERIOD TRANSITION: 24X7;1;1
[1683841698] Warning: A system time change of 0d 0h 17m 28s (forwards in time) has been detected.  Compensating...
[1683841698] livestatus: Timeperiod cache not updated, there are no timeperiods (yet)
[1683841698] livestatus: TIMEPERIOD TRANSITION: 24X7;1;1
[1683841759] livestatus: Timeperiod cache not updated, there are no timeperiods (yet)
[1683841819] livestatus: Timeperiod cache not updated, there are no timeperiods (yet)
[1683841879] livestatus: Timeperiod cache not updated, there are no timeperiods (yet)
[1683843692] Warning: A system time change of 0d 0h 29m 58s (forwards in time) has been detected.  Compensating...
[1683843692] livestatus: Timeperiod cache not updated, there are no timeperiods (yet)
[1683843692] livestatus: TIMEPERIOD TRANSITION: 24X7;1;1
[1683843752] livestatus: Timeperiod cache not updated, there are no timeperiods (yet)
[1683843812] livestatus: Timeperiod cache not updated, there are no timeperiods (yet)
[1683843872] livestatus: Timeperiod cache not updated, there are no timeperiods (yet)
[1683845685] Warning: A system time change of 0d 0h 29m 54s (forwards in time) has been detected.  Compensating...
[1683845686] livestatus: Timeperiod cache not updated, there are no timeperiods (yet)
[1683845686] livestatus: TIMEPERIOD TRANSITION: 24X7;1;1
[1683845746] livestatus: Timeperiod cache not updated, there are no timeperiods (yet)
[1683845771] Auto-save of retention data completed successfully.
[1683845806] livestatus: Timeperiod cache not updated, there are no timeperiods (yet)
[1683853021] Warning: A system time change of 0d 1h 59m 58s (forwards in time) has been detected.  Compensating...
[1683853021] livestatus: Timeperiod cache not updated, there are no timeperiods (yet)
[1683853021] livestatus: TIMEPERIOD TRANSITION: 24X7;1;1
[1683854423] Warning: A system time change of 0d 0h 22m 35s (forwards in time) has been detected.  Compensating...
[1683854423] livestatus: Timeperiod cache not updated, there are no timeperiods (yet)
[1683854423] livestatus: TIMEPERIOD TRANSITION: 24X7;1;1
[1683861638] Warning: A system time change of 0d 1h 59m 59s (forwards in time) has been detected.  Compensating...
[1683861638] livestatus: Timeperiod cache not updated, there are no timeperiods (yet)
[1683861638] livestatus: TIMEPERIOD TRANSITION: 24X7;1;1
[1683868847] livestatus: Timeperiod cache not updated, there are no timeperiods (yet)
[1683868848] Warning: A system time change of 0d 2h 0m 1s (forwards in time) has been detected.  Compensating...
[1683868848] livestatus: Timeperiod cache not updated, there are no timeperiods (yet)
[1683868848] livestatus: TIMEPERIOD TRANSITION: 24X7;1;1
[1683876056] Warning: A system time change of 0d 1h 59m 49s (forwards in time) has been detected.  Compensating...
[1683876056] livestatus: Timeperiod cache not updated, there are no timeperiods (yet)
[1683876056] livestatus: TIMEPERIOD TRANSITION: 24X7;1;1
[1683876159] livestatus: Timeperiod cache not updated, there are no timeperiods (yet)
[1683876188] Warning: A system time change of 0d 0h 0m 1s (backwards in time) has been detected.  Compensating...
[1683876188] livestatus: TIMEPERIOD TRANSITION: 24X7;1;1
[1683876403] livestatus: Timeperiod cache not updated, there are no timeperiods (yet)
[1683876462] livestatus: Timeperiod cache not updated, there are no timeperiods (yet)
[1683876522] livestatus: Timeperiod cache not updated, there are no timeperiods (yet)
[1683876582] livestatus: Timeperiod cache not updated, there are no timeperiods (yet)
[1683876642] livestatus: Timeperiod cache not updated, there are no timeperiods (yet)
[1683876702] livestatus: Timeperiod cache not updated, there are no timeperiods (yet)
[1683876762] livestatus: Timeperiod cache not updated, there are no timeperiods (yet)
[1683876823] livestatus: Timeperiod cache not updated, there are no timeperiods (yet)
[1683876883] livestatus: Timeperiod cache not updated, there are no timeperiods (yet)
[1683876943] livestatus: Timeperiod cache not updated, there are no timeperiods (yet)
[1683877003] livestatus: Timeperiod cache not updated, there are no timeperiods (yet)
[1683877063] livestatus: Timeperiod cache not updated, there are no timeperiods (yet)
[1683877123] livestatus: Timeperiod cache not updated, there are no timeperiods (yet)
[1683877183] livestatus: Timeperiod cache not updated, there are no timeperiods (yet)
[1683877243] livestatus: Timeperiod cache not updated, there are no timeperiods (yet)
[1683877304] livestatus: Timeperiod cache not updated, there are no timeperiods (yet)
[1683877364] livestatus: Timeperiod cache not updated, there are no timeperiods (yet)
[1683877424] livestatus: Timeperiod cache not updated, there are no timeperiods (yet)
[1683877484] livestatus: Timeperiod cache not updated, there are no timeperiods (yet)
[1683877544] livestatus: Timeperiod cache not updated, there are no timeperiods (yet)
[1683877604] livestatus: Timeperiod cache not updated, there are no timeperiods (yet)
[1683877664] livestatus: Timeperiod cache not updated, there are no timeperiods (yet)
[1683877724] livestatus: Timeperiod cache not updated, there are no timeperiods (yet)
[1683877785] livestatus: Timeperiod cache not updated, there are no timeperiods (yet)
[1683877845] livestatus: Timeperiod cache not updated, there are no timeperiods (yet)
[1683877905] livestatus: Timeperiod cache not updated, there are no timeperiods (yet)
[1683877965] livestatus: Timeperiod cache not updated, there are no timeperiods (yet)
[1683878025] livestatus: Timeperiod cache not updated, there are no timeperiods (yet)
[1683878085] livestatus: Timeperiod cache not updated, there are no timeperiods (yet)
[1683878145] livestatus: Timeperiod cache not updated, there are no timeperiods (yet)
