2023-05-10 21:00:12 [54533] [0] RRDs::update /omd/sites/cmk/var/pnp4nagios/perfdata/.pnp-internal/runtime_runtime.rrd 1683750406:0.09499
2023-05-10 21:00:12 [54533] [0] RRDs::update ERROR rrdcached@unix:/omd/sites/cmk/tmp/run/rrdcached.sock: illegal attempt to update using time 1683750406.000000 when last update time is 1683753608.000000 (minimum one second step)
2023-05-10 21:00:12 [54533] [0] RRDs::update /omd/sites/cmk/var/pnp4nagios/perfdata/.pnp-internal/runtime_rows.rrd 1683750406:0
2023-05-10 21:00:12 [54533] [0] RRDs::update ERROR rrdcached@unix:/omd/sites/cmk/tmp/run/rrdcached.sock: illegal attempt to update using time 1683750406.000000 when last update time is 1683753608.000000 (minimum one second step)
2023-05-10 21:00:13 [54533] [0] RRDs::update /omd/sites/cmk/var/pnp4nagios/perfdata/.pnp-internal/runtime_errors.rrd 1683750406:0
2023-05-10 21:00:13 [54533] [0] RRDs::update ERROR rrdcached@unix:/omd/sites/cmk/tmp/run/rrdcached.sock: illegal attempt to update using time 1683750406.000000 when last update time is 1683753608.000000 (minimum one second step)
2023-05-10 21:00:13 [54533] [0] RRDs::update /omd/sites/cmk/var/pnp4nagios/perfdata/.pnp-internal/runtime_invalid.rrd 1683750406:0
2023-05-10 21:00:13 [54533] [0] RRDs::update ERROR rrdcached@unix:/omd/sites/cmk/tmp/run/rrdcached.sock: illegal attempt to update using time 1683750406.000000 when last update time is 1683753608.000000 (minimum one second step)
2023-05-10 21:00:13 [54533] [0] RRDs::update /omd/sites/cmk/var/pnp4nagios/perfdata/.pnp-internal/runtime_skipped.rrd 1683750406:0
2023-05-10 21:00:13 [54533] [0] RRDs::update ERROR rrdcached@unix:/omd/sites/cmk/tmp/run/rrdcached.sock: illegal attempt to update using time 1683750406.000000 when last update time is 1683753608.000000 (minimum one second step)
2023-05-10 21:00:13 [54533] [0] RRDs::update /omd/sites/cmk/var/pnp4nagios/perfdata/.pnp-internal/runtime_update.rrd 1683750406:0
2023-05-10 21:00:13 [54533] [0] RRDs::update ERROR rrdcached@unix:/omd/sites/cmk/tmp/run/rrdcached.sock: illegal attempt to update using time 1683750406.000000 when last update time is 1683753608.000000 (minimum one second step)
2023-05-10 21:00:13 [54533] [0] RRDs::update /omd/sites/cmk/var/pnp4nagios/perfdata/.pnp-internal/runtime_create.rrd 1683750406:0
2023-05-10 21:00:13 [54533] [0] RRDs::update ERROR rrdcached@unix:/omd/sites/cmk/tmp/run/rrdcached.sock: illegal attempt to update using time 1683750406.000000 when last update time is 1683753608.000000 (minimum one second step)
2023-05-10 21:02:10 [54691] [0] RRDs::update /omd/sites/cmk/var/pnp4nagios/perfdata/.pnp-internal/runtime_runtime.rrd 1683752458:0.104358
2023-05-10 21:02:10 [54691] [0] RRDs::update ERROR rrdcached@unix:/omd/sites/cmk/tmp/run/rrdcached.sock: illegal attempt to update using time 1683752458.000000 when last update time is 1683753608.000000 (minimum one second step)
2023-05-10 21:02:10 [54691] [0] RRDs::update /omd/sites/cmk/var/pnp4nagios/perfdata/.pnp-internal/runtime_rows.rrd 1683752458:0
2023-05-10 21:02:10 [54691] [0] RRDs::update ERROR rrdcached@unix:/omd/sites/cmk/tmp/run/rrdcached.sock: illegal attempt to update using time 1683752458.000000 when last update time is 1683753608.000000 (minimum one second step)
2023-05-10 21:02:10 [54691] [0] RRDs::update /omd/sites/cmk/var/pnp4nagios/perfdata/.pnp-internal/runtime_errors.rrd 1683752458:0
2023-05-10 21:02:10 [54691] [0] RRDs::update ERROR rrdcached@unix:/omd/sites/cmk/tmp/run/rrdcached.sock: illegal attempt to update using time 1683752458.000000 when last update time is 1683753608.000000 (minimum one second step)
2023-05-10 21:02:10 [54691] [0] RRDs::update /omd/sites/cmk/var/pnp4nagios/perfdata/.pnp-internal/runtime_invalid.rrd 1683752458:0
2023-05-10 21:02:10 [54691] [0] RRDs::update ERROR rrdcached@unix:/omd/sites/cmk/tmp/run/rrdcached.sock: illegal attempt to update using time 1683752458.000000 when last update time is 1683753608.000000 (minimum one second step)
2023-05-10 21:02:10 [54691] [0] RRDs::update /omd/sites/cmk/var/pnp4nagios/perfdata/.pnp-internal/runtime_skipped.rrd 1683752458:0
2023-05-10 21:02:10 [54691] [0] RRDs::update ERROR rrdcached@unix:/omd/sites/cmk/tmp/run/rrdcached.sock: illegal attempt to update using time 1683752458.000000 when last update time is 1683753608.000000 (minimum one second step)
2023-05-10 21:02:10 [54691] [0] RRDs::update /omd/sites/cmk/var/pnp4nagios/perfdata/.pnp-internal/runtime_update.rrd 1683752458:0
2023-05-10 21:02:10 [54691] [0] RRDs::update ERROR rrdcached@unix:/omd/sites/cmk/tmp/run/rrdcached.sock: illegal attempt to update using time 1683752458.000000 when last update time is 1683753608.000000 (minimum one second step)
2023-05-10 21:02:10 [54691] [0] RRDs::update /omd/sites/cmk/var/pnp4nagios/perfdata/.pnp-internal/runtime_create.rrd 1683752458:0
2023-05-10 21:02:10 [54691] [0] RRDs::update ERROR rrdcached@unix:/omd/sites/cmk/tmp/run/rrdcached.sock: illegal attempt to update using time 1683752458.000000 when last update time is 1683753608.000000 (minimum one second step)
2023-05-10 21:03:11 [54811] [0] RRDs::update /omd/sites/cmk/var/pnp4nagios/perfdata/.pnp-internal/runtime_runtime.rrd 1683752576:0.045122
2023-05-10 21:03:11 [54811] [0] RRDs::update ERROR rrdcached@unix:/omd/sites/cmk/tmp/run/rrdcached.sock: illegal attempt to update using time 1683752576.000000 when last update time is 1683753608.000000 (minimum one second step)
2023-05-10 21:03:11 [54811] [0] RRDs::update /omd/sites/cmk/var/pnp4nagios/perfdata/.pnp-internal/runtime_rows.rrd 1683752576:0
2023-05-10 21:03:11 [54811] [0] RRDs::update ERROR rrdcached@unix:/omd/sites/cmk/tmp/run/rrdcached.sock: illegal attempt to update using time 1683752576.000000 when last update time is 1683753608.000000 (minimum one second step)
2023-05-10 21:03:11 [54811] [0] RRDs::update /omd/sites/cmk/var/pnp4nagios/perfdata/.pnp-internal/runtime_errors.rrd 1683752576:0
2023-05-10 21:03:11 [54811] [0] RRDs::update ERROR rrdcached@unix:/omd/sites/cmk/tmp/run/rrdcached.sock: illegal attempt to update using time 1683752576.000000 when last update time is 1683753608.000000 (minimum one second step)
2023-05-10 21:03:11 [54811] [0] RRDs::update /omd/sites/cmk/var/pnp4nagios/perfdata/.pnp-internal/runtime_invalid.rrd 1683752576:0
2023-05-10 21:03:11 [54811] [0] RRDs::update ERROR rrdcached@unix:/omd/sites/cmk/tmp/run/rrdcached.sock: illegal attempt to update using time 1683752576.000000 when last update time is 1683753608.000000 (minimum one second step)
2023-05-10 21:03:11 [54811] [0] RRDs::update /omd/sites/cmk/var/pnp4nagios/perfdata/.pnp-internal/runtime_skipped.rrd 1683752576:0
2023-05-10 21:03:11 [54811] [0] RRDs::update ERROR rrdcached@unix:/omd/sites/cmk/tmp/run/rrdcached.sock: illegal attempt to update using time 1683752576.000000 when last update time is 1683753608.000000 (minimum one second step)
2023-05-10 21:03:11 [54811] [0] RRDs::update /omd/sites/cmk/var/pnp4nagios/perfdata/.pnp-internal/runtime_update.rrd 1683752576:0
2023-05-10 21:03:11 [54811] [0] RRDs::update ERROR rrdcached@unix:/omd/sites/cmk/tmp/run/rrdcached.sock: illegal attempt to update using time 1683752576.000000 when last update time is 1683753608.000000 (minimum one second step)
2023-05-10 21:03:11 [54811] [0] RRDs::update /omd/sites/cmk/var/pnp4nagios/perfdata/.pnp-internal/runtime_create.rrd 1683752576:0
2023-05-10 21:03:11 [54811] [0] RRDs::update ERROR rrdcached@unix:/omd/sites/cmk/tmp/run/rrdcached.sock: illegal attempt to update using time 1683752576.000000 when last update time is 1683753608.000000 (minimum one second step)
2023-05-10 21:04:13 [54920] [0] RRDs::update /omd/sites/cmk/var/pnp4nagios/perfdata/.pnp-internal/runtime_runtime.rrd 1683752637:0.024601
2023-05-10 21:04:13 [54920] [0] RRDs::update ERROR rrdcached@unix:/omd/sites/cmk/tmp/run/rrdcached.sock: illegal attempt to update using time 1683752637.000000 when last update time is 1683753608.000000 (minimum one second step)
2023-05-10 21:04:13 [54920] [0] RRDs::update /omd/sites/cmk/var/pnp4nagios/perfdata/.pnp-internal/runtime_rows.rrd 1683752637:0
2023-05-10 21:04:13 [54920] [0] RRDs::update ERROR rrdcached@unix:/omd/sites/cmk/tmp/run/rrdcached.sock: illegal attempt to update using time 1683752637.000000 when last update time is 1683753608.000000 (minimum one second step)
2023-05-10 21:04:13 [54920] [0] RRDs::update /omd/sites/cmk/var/pnp4nagios/perfdata/.pnp-internal/runtime_errors.rrd 1683752637:0
2023-05-10 21:04:13 [54920] [0] RRDs::update ERROR rrdcached@unix:/omd/sites/cmk/tmp/run/rrdcached.sock: illegal attempt to update using time 1683752637.000000 when last update time is 1683753608.000000 (minimum one second step)
2023-05-10 21:04:13 [54920] [0] RRDs::update /omd/sites/cmk/var/pnp4nagios/perfdata/.pnp-internal/runtime_invalid.rrd 1683752637:0
2023-05-10 21:04:13 [54920] [0] RRDs::update ERROR rrdcached@unix:/omd/sites/cmk/tmp/run/rrdcached.sock: illegal attempt to update using time 1683752637.000000 when last update time is 1683753608.000000 (minimum one second step)
2023-05-10 21:04:13 [54920] [0] RRDs::update /omd/sites/cmk/var/pnp4nagios/perfdata/.pnp-internal/runtime_skipped.rrd 1683752637:0
2023-05-10 21:04:13 [54920] [0] RRDs::update ERROR rrdcached@unix:/omd/sites/cmk/tmp/run/rrdcached.sock: illegal attempt to update using time 1683752637.000000 when last update time is 1683753608.000000 (minimum one second step)
2023-05-10 21:04:13 [54920] [0] RRDs::update /omd/sites/cmk/var/pnp4nagios/perfdata/.pnp-internal/runtime_update.rrd 1683752637:0
2023-05-10 21:04:13 [54920] [0] RRDs::update ERROR rrdcached@unix:/omd/sites/cmk/tmp/run/rrdcached.sock: illegal attempt to update using time 1683752637.000000 when last update time is 1683753608.000000 (minimum one second step)
2023-05-10 21:04:13 [54920] [0] RRDs::update /omd/sites/cmk/var/pnp4nagios/perfdata/.pnp-internal/runtime_create.rrd 1683752637:0
2023-05-10 21:04:13 [54920] [0] RRDs::update ERROR rrdcached@unix:/omd/sites/cmk/tmp/run/rrdcached.sock: illegal attempt to update using time 1683752637.000000 when last update time is 1683753608.000000 (minimum one second step)
2023-05-10 21:05:14 [55052] [0] RRDs::update /omd/sites/cmk/var/pnp4nagios/perfdata/.pnp-internal/runtime_runtime.rrd 1683752698:0.024997
2023-05-10 21:05:14 [55052] [0] RRDs::update ERROR rrdcached@unix:/omd/sites/cmk/tmp/run/rrdcached.sock: illegal attempt to update using time 1683752698.000000 when last update time is 1683753608.000000 (minimum one second step)
2023-05-10 21:05:14 [55052] [0] RRDs::update /omd/sites/cmk/var/pnp4nagios/perfdata/.pnp-internal/runtime_rows.rrd 1683752698:0
2023-05-10 21:05:14 [55052] [0] RRDs::update ERROR rrdcached@unix:/omd/sites/cmk/tmp/run/rrdcached.sock: illegal attempt to update using time 1683752698.000000 when last update time is 1683753608.000000 (minimum one second step)
2023-05-10 21:05:14 [55052] [0] RRDs::update /omd/sites/cmk/var/pnp4nagios/perfdata/.pnp-internal/runtime_errors.rrd 1683752698:0
2023-05-10 21:05:14 [55052] [0] RRDs::update ERROR rrdcached@unix:/omd/sites/cmk/tmp/run/rrdcached.sock: illegal attempt to update using time 1683752698.000000 when last update time is 1683753608.000000 (minimum one second step)
2023-05-10 21:05:14 [55052] [0] RRDs::update /omd/sites/cmk/var/pnp4nagios/perfdata/.pnp-internal/runtime_invalid.rrd 1683752698:0
2023-05-10 21:05:14 [55052] [0] RRDs::update ERROR rrdcached@unix:/omd/sites/cmk/tmp/run/rrdcached.sock: illegal attempt to update using time 1683752698.000000 when last update time is 1683753608.000000 (minimum one second step)
2023-05-10 21:05:14 [55052] [0] RRDs::update /omd/sites/cmk/var/pnp4nagios/perfdata/.pnp-internal/runtime_skipped.rrd 1683752698:0
2023-05-10 21:05:14 [55052] [0] RRDs::update ERROR rrdcached@unix:/omd/sites/cmk/tmp/run/rrdcached.sock: illegal attempt to update using time 1683752698.000000 when last update time is 1683753608.000000 (minimum one second step)
2023-05-10 21:05:14 [55052] [0] RRDs::update /omd/sites/cmk/var/pnp4nagios/perfdata/.pnp-internal/runtime_update.rrd 1683752698:0
2023-05-10 21:05:14 [55052] [0] RRDs::update ERROR rrdcached@unix:/omd/sites/cmk/tmp/run/rrdcached.sock: illegal attempt to update using time 1683752698.000000 when last update time is 1683753608.000000 (minimum one second step)
2023-05-10 21:05:14 [55052] [0] RRDs::update /omd/sites/cmk/var/pnp4nagios/perfdata/.pnp-internal/runtime_create.rrd 1683752698:0
2023-05-10 21:05:14 [55052] [0] RRDs::update ERROR rrdcached@unix:/omd/sites/cmk/tmp/run/rrdcached.sock: illegal attempt to update using time 1683752698.000000 when last update time is 1683753608.000000 (minimum one second step)
2023-05-10 21:06:15 [55163] [0] RRDs::update /omd/sites/cmk/var/pnp4nagios/perfdata/.pnp-internal/runtime_runtime.rrd 1683752759:0.02646
2023-05-10 21:06:15 [55163] [0] RRDs::update ERROR rrdcached@unix:/omd/sites/cmk/tmp/run/rrdcached.sock: illegal attempt to update using time 1683752759.000000 when last update time is 1683753608.000000 (minimum one second step)
2023-05-10 21:06:15 [55163] [0] RRDs::update /omd/sites/cmk/var/pnp4nagios/perfdata/.pnp-internal/runtime_rows.rrd 1683752759:0
2023-05-10 21:06:15 [55163] [0] RRDs::update ERROR rrdcached@unix:/omd/sites/cmk/tmp/run/rrdcached.sock: illegal attempt to update using time 1683752759.000000 when last update time is 1683753608.000000 (minimum one second step)
2023-05-10 21:06:15 [55163] [0] RRDs::update /omd/sites/cmk/var/pnp4nagios/perfdata/.pnp-internal/runtime_errors.rrd 1683752759:0
2023-05-10 21:06:15 [55163] [0] RRDs::update ERROR rrdcached@unix:/omd/sites/cmk/tmp/run/rrdcached.sock: illegal attempt to update using time 1683752759.000000 when last update time is 1683753608.000000 (minimum one second step)
2023-05-10 21:06:15 [55163] [0] RRDs::update /omd/sites/cmk/var/pnp4nagios/perfdata/.pnp-internal/runtime_invalid.rrd 1683752759:0
2023-05-10 21:06:15 [55163] [0] RRDs::update ERROR rrdcached@unix:/omd/sites/cmk/tmp/run/rrdcached.sock: illegal attempt to update using time 1683752759.000000 when last update time is 1683753608.000000 (minimum one second step)
2023-05-10 21:06:15 [55163] [0] RRDs::update /omd/sites/cmk/var/pnp4nagios/perfdata/.pnp-internal/runtime_skipped.rrd 1683752759:0
2023-05-10 21:06:15 [55163] [0] RRDs::update ERROR rrdcached@unix:/omd/sites/cmk/tmp/run/rrdcached.sock: illegal attempt to update using time 1683752759.000000 when last update time is 1683753608.000000 (minimum one second step)
2023-05-10 21:06:15 [55163] [0] RRDs::update /omd/sites/cmk/var/pnp4nagios/perfdata/.pnp-internal/runtime_update.rrd 1683752759:0
2023-05-10 21:06:15 [55163] [0] RRDs::update ERROR rrdcached@unix:/omd/sites/cmk/tmp/run/rrdcached.sock: illegal attempt to update using time 1683752759.000000 when last update time is 1683753608.000000 (minimum one second step)
2023-05-10 21:06:15 [55163] [0] RRDs::update /omd/sites/cmk/var/pnp4nagios/perfdata/.pnp-internal/runtime_create.rrd 1683752759:0
2023-05-10 21:06:15 [55163] [0] RRDs::update ERROR rrdcached@unix:/omd/sites/cmk/tmp/run/rrdcached.sock: illegal attempt to update using time 1683752759.000000 when last update time is 1683753608.000000 (minimum one second step)
2023-05-10 21:07:02 [55248] [0] RRDs::update /omd/sites/cmk/var/pnp4nagios/perfdata/.pnp-internal/runtime_runtime.rrd 1683752805:0.016891
2023-05-10 21:07:02 [55248] [0] RRDs::update ERROR rrdcached@unix:/omd/sites/cmk/tmp/run/rrdcached.sock: illegal attempt to update using time 1683752805.000000 when last update time is 1683753608.000000 (minimum one second step)
2023-05-10 21:07:02 [55248] [0] RRDs::update /omd/sites/cmk/var/pnp4nagios/perfdata/.pnp-internal/runtime_rows.rrd 1683752805:0
2023-05-10 21:07:02 [55248] [0] RRDs::update ERROR rrdcached@unix:/omd/sites/cmk/tmp/run/rrdcached.sock: illegal attempt to update using time 1683752805.000000 when last update time is 1683753608.000000 (minimum one second step)
2023-05-10 21:07:02 [55248] [0] RRDs::update /omd/sites/cmk/var/pnp4nagios/perfdata/.pnp-internal/runtime_errors.rrd 1683752805:0
2023-05-10 21:07:02 [55248] [0] RRDs::update ERROR rrdcached@unix:/omd/sites/cmk/tmp/run/rrdcached.sock: illegal attempt to update using time 1683752805.000000 when last update time is 1683753608.000000 (minimum one second step)
2023-05-10 21:07:02 [55248] [0] RRDs::update /omd/sites/cmk/var/pnp4nagios/perfdata/.pnp-internal/runtime_invalid.rrd 1683752805:0
2023-05-10 21:07:02 [55248] [0] RRDs::update ERROR rrdcached@unix:/omd/sites/cmk/tmp/run/rrdcached.sock: illegal attempt to update using time 1683752805.000000 when last update time is 1683753608.000000 (minimum one second step)
2023-05-10 21:07:02 [55248] [0] RRDs::update /omd/sites/cmk/var/pnp4nagios/perfdata/.pnp-internal/runtime_skipped.rrd 1683752805:0
2023-05-10 21:07:02 [55248] [0] RRDs::update ERROR rrdcached@unix:/omd/sites/cmk/tmp/run/rrdcached.sock: illegal attempt to update using time 1683752805.000000 when last update time is 1683753608.000000 (minimum one second step)
2023-05-10 21:07:02 [55248] [0] RRDs::update /omd/sites/cmk/var/pnp4nagios/perfdata/.pnp-internal/runtime_update.rrd 1683752805:0
2023-05-10 21:07:02 [55248] [0] RRDs::update ERROR rrdcached@unix:/omd/sites/cmk/tmp/run/rrdcached.sock: illegal attempt to update using time 1683752805.000000 when last update time is 1683753608.000000 (minimum one second step)
2023-05-10 21:07:02 [55248] [0] RRDs::update /omd/sites/cmk/var/pnp4nagios/perfdata/.pnp-internal/runtime_create.rrd 1683752805:0
2023-05-10 21:07:02 [55248] [0] RRDs::update ERROR rrdcached@unix:/omd/sites/cmk/tmp/run/rrdcached.sock: illegal attempt to update using time 1683752805.000000 when last update time is 1683753608.000000 (minimum one second step)
2023-05-10 21:08:03 [55378] [0] RRDs::update /omd/sites/cmk/var/pnp4nagios/perfdata/.pnp-internal/runtime_runtime.rrd 1683752868:0.03873
2023-05-10 21:08:03 [55378] [0] RRDs::update ERROR rrdcached@unix:/omd/sites/cmk/tmp/run/rrdcached.sock: illegal attempt to update using time 1683752868.000000 when last update time is 1683753608.000000 (minimum one second step)
2023-05-10 21:08:03 [55378] [0] RRDs::update /omd/sites/cmk/var/pnp4nagios/perfdata/.pnp-internal/runtime_rows.rrd 1683752868:0
2023-05-10 21:08:03 [55378] [0] RRDs::update ERROR rrdcached@unix:/omd/sites/cmk/tmp/run/rrdcached.sock: illegal attempt to update using time 1683752868.000000 when last update time is 1683753608.000000 (minimum one second step)
2023-05-10 21:08:03 [55378] [0] RRDs::update /omd/sites/cmk/var/pnp4nagios/perfdata/.pnp-internal/runtime_errors.rrd 1683752868:0
2023-05-10 21:08:03 [55378] [0] RRDs::update ERROR rrdcached@unix:/omd/sites/cmk/tmp/run/rrdcached.sock: illegal attempt to update using time 1683752868.000000 when last update time is 1683753608.000000 (minimum one second step)
2023-05-10 21:08:03 [55378] [0] RRDs::update /omd/sites/cmk/var/pnp4nagios/perfdata/.pnp-internal/runtime_invalid.rrd 1683752868:0
2023-05-10 21:08:03 [55378] [0] RRDs::update ERROR rrdcached@unix:/omd/sites/cmk/tmp/run/rrdcached.sock: illegal attempt to update using time 1683752868.000000 when last update time is 1683753608.000000 (minimum one second step)
2023-05-10 21:08:03 [55378] [0] RRDs::update /omd/sites/cmk/var/pnp4nagios/perfdata/.pnp-internal/runtime_skipped.rrd 1683752868:0
2023-05-10 21:08:03 [55378] [0] RRDs::update ERROR rrdcached@unix:/omd/sites/cmk/tmp/run/rrdcached.sock: illegal attempt to update using time 1683752868.000000 when last update time is 1683753608.000000 (minimum one second step)
2023-05-10 21:08:03 [55378] [0] RRDs::update /omd/sites/cmk/var/pnp4nagios/perfdata/.pnp-internal/runtime_update.rrd 1683752868:0
2023-05-10 21:08:03 [55378] [0] RRDs::update ERROR rrdcached@unix:/omd/sites/cmk/tmp/run/rrdcached.sock: illegal attempt to update using time 1683752868.000000 when last update time is 1683753608.000000 (minimum one second step)
2023-05-10 21:08:03 [55378] [0] RRDs::update /omd/sites/cmk/var/pnp4nagios/perfdata/.pnp-internal/runtime_create.rrd 1683752868:0
2023-05-10 21:08:03 [55378] [0] RRDs::update ERROR rrdcached@unix:/omd/sites/cmk/tmp/run/rrdcached.sock: illegal attempt to update using time 1683752868.000000 when last update time is 1683753608.000000 (minimum one second step)
2023-05-10 21:09:05 [55529] [0] RRDs::update /omd/sites/cmk/var/pnp4nagios/perfdata/.pnp-internal/runtime_runtime.rrd 1683752929:0.040719
2023-05-10 21:09:05 [55529] [0] RRDs::update ERROR rrdcached@unix:/omd/sites/cmk/tmp/run/rrdcached.sock: illegal attempt to update using time 1683752929.000000 when last update time is 1683753608.000000 (minimum one second step)
2023-05-10 21:09:05 [55529] [0] RRDs::update /omd/sites/cmk/var/pnp4nagios/perfdata/.pnp-internal/runtime_rows.rrd 1683752929:0
2023-05-10 21:09:05 [55529] [0] RRDs::update ERROR rrdcached@unix:/omd/sites/cmk/tmp/run/rrdcached.sock: illegal attempt to update using time 1683752929.000000 when last update time is 1683753608.000000 (minimum one second step)
2023-05-10 21:09:05 [55529] [0] RRDs::update /omd/sites/cmk/var/pnp4nagios/perfdata/.pnp-internal/runtime_errors.rrd 1683752929:0
2023-05-10 21:09:05 [55529] [0] RRDs::update ERROR rrdcached@unix:/omd/sites/cmk/tmp/run/rrdcached.sock: illegal attempt to update using time 1683752929.000000 when last update time is 1683753608.000000 (minimum one second step)
2023-05-10 21:09:05 [55529] [0] RRDs::update /omd/sites/cmk/var/pnp4nagios/perfdata/.pnp-internal/runtime_invalid.rrd 1683752929:0
2023-05-10 21:09:05 [55529] [0] RRDs::update ERROR rrdcached@unix:/omd/sites/cmk/tmp/run/rrdcached.sock: illegal attempt to update using time 1683752929.000000 when last update time is 1683753608.000000 (minimum one second step)
2023-05-10 21:09:05 [55529] [0] RRDs::update /omd/sites/cmk/var/pnp4nagios/perfdata/.pnp-internal/runtime_skipped.rrd 1683752929:0
2023-05-10 21:09:05 [55529] [0] RRDs::update ERROR rrdcached@unix:/omd/sites/cmk/tmp/run/rrdcached.sock: illegal attempt to update using time 1683752929.000000 when last update time is 1683753608.000000 (minimum one second step)
2023-05-10 21:09:05 [55529] [0] RRDs::update /omd/sites/cmk/var/pnp4nagios/perfdata/.pnp-internal/runtime_update.rrd 1683752929:0
2023-05-10 21:09:05 [55529] [0] RRDs::update ERROR rrdcached@unix:/omd/sites/cmk/tmp/run/rrdcached.sock: illegal attempt to update using time 1683752929.000000 when last update time is 1683753608.000000 (minimum one second step)
2023-05-10 21:09:05 [55529] [0] RRDs::update /omd/sites/cmk/var/pnp4nagios/perfdata/.pnp-internal/runtime_create.rrd 1683752929:0
2023-05-10 21:09:05 [55529] [0] RRDs::update ERROR rrdcached@unix:/omd/sites/cmk/tmp/run/rrdcached.sock: illegal attempt to update using time 1683752929.000000 when last update time is 1683753608.000000 (minimum one second step)
2023-05-10 21:10:06 [55649] [0] RRDs::update /omd/sites/cmk/var/pnp4nagios/perfdata/.pnp-internal/runtime_runtime.rrd 1683752990:0.027782
2023-05-10 21:10:06 [55649] [0] RRDs::update ERROR rrdcached@unix:/omd/sites/cmk/tmp/run/rrdcached.sock: illegal attempt to update using time 1683752990.000000 when last update time is 1683753608.000000 (minimum one second step)
2023-05-10 21:10:06 [55649] [0] RRDs::update /omd/sites/cmk/var/pnp4nagios/perfdata/.pnp-internal/runtime_rows.rrd 1683752990:0
2023-05-10 21:10:06 [55649] [0] RRDs::update ERROR rrdcached@unix:/omd/sites/cmk/tmp/run/rrdcached.sock: illegal attempt to update using time 1683752990.000000 when last update time is 1683753608.000000 (minimum one second step)
2023-05-10 21:10:06 [55649] [0] RRDs::update /omd/sites/cmk/var/pnp4nagios/perfdata/.pnp-internal/runtime_errors.rrd 1683752990:0
2023-05-10 21:10:06 [55649] [0] RRDs::update ERROR rrdcached@unix:/omd/sites/cmk/tmp/run/rrdcached.sock: illegal attempt to update using time 1683752990.000000 when last update time is 1683753608.000000 (minimum one second step)
2023-05-10 21:10:06 [55649] [0] RRDs::update /omd/sites/cmk/var/pnp4nagios/perfdata/.pnp-internal/runtime_invalid.rrd 1683752990:0
2023-05-10 21:10:06 [55649] [0] RRDs::update ERROR rrdcached@unix:/omd/sites/cmk/tmp/run/rrdcached.sock: illegal attempt to update using time 1683752990.000000 when last update time is 1683753608.000000 (minimum one second step)
2023-05-10 21:10:06 [55649] [0] RRDs::update /omd/sites/cmk/var/pnp4nagios/perfdata/.pnp-internal/runtime_skipped.rrd 1683752990:0
2023-05-10 21:10:06 [55649] [0] RRDs::update ERROR rrdcached@unix:/omd/sites/cmk/tmp/run/rrdcached.sock: illegal attempt to update using time 1683752990.000000 when last update time is 1683753608.000000 (minimum one second step)
2023-05-10 21:10:06 [55649] [0] RRDs::update /omd/sites/cmk/var/pnp4nagios/perfdata/.pnp-internal/runtime_update.rrd 1683752990:0
2023-05-10 21:10:06 [55649] [0] RRDs::update ERROR rrdcached@unix:/omd/sites/cmk/tmp/run/rrdcached.sock: illegal attempt to update using time 1683752990.000000 when last update time is 1683753608.000000 (minimum one second step)
2023-05-10 21:10:06 [55649] [0] RRDs::update /omd/sites/cmk/var/pnp4nagios/perfdata/.pnp-internal/runtime_create.rrd 1683752990:0
2023-05-10 21:10:06 [55649] [0] RRDs::update ERROR rrdcached@unix:/omd/sites/cmk/tmp/run/rrdcached.sock: illegal attempt to update using time 1683752990.000000 when last update time is 1683753608.000000 (minimum one second step)
2023-05-10 21:11:07 [55758] [0] RRDs::update /omd/sites/cmk/var/pnp4nagios/perfdata/.pnp-internal/runtime_runtime.rrd 1683753051:0.021791
2023-05-10 21:11:07 [55758] [0] RRDs::update ERROR rrdcached@unix:/omd/sites/cmk/tmp/run/rrdcached.sock: illegal attempt to update using time 1683753051.000000 when last update time is 1683753608.000000 (minimum one second step)
2023-05-10 21:11:07 [55758] [0] RRDs::update /omd/sites/cmk/var/pnp4nagios/perfdata/.pnp-internal/runtime_rows.rrd 1683753051:0
2023-05-10 21:11:07 [55758] [0] RRDs::update ERROR rrdcached@unix:/omd/sites/cmk/tmp/run/rrdcached.sock: illegal attempt to update using time 1683753051.000000 when last update time is 1683753608.000000 (minimum one second step)
2023-05-10 21:11:07 [55758] [0] RRDs::update /omd/sites/cmk/var/pnp4nagios/perfdata/.pnp-internal/runtime_errors.rrd 1683753051:0
2023-05-10 21:11:07 [55758] [0] RRDs::update ERROR rrdcached@unix:/omd/sites/cmk/tmp/run/rrdcached.sock: illegal attempt to update using time 1683753051.000000 when last update time is 1683753608.000000 (minimum one second step)
2023-05-10 21:11:07 [55758] [0] RRDs::update /omd/sites/cmk/var/pnp4nagios/perfdata/.pnp-internal/runtime_invalid.rrd 1683753051:0
2023-05-10 21:11:07 [55758] [0] RRDs::update ERROR rrdcached@unix:/omd/sites/cmk/tmp/run/rrdcached.sock: illegal attempt to update using time 1683753051.000000 when last update time is 1683753608.000000 (minimum one second step)
2023-05-10 21:11:07 [55758] [0] RRDs::update /omd/sites/cmk/var/pnp4nagios/perfdata/.pnp-internal/runtime_skipped.rrd 1683753051:0
2023-05-10 21:11:07 [55758] [0] RRDs::update ERROR rrdcached@unix:/omd/sites/cmk/tmp/run/rrdcached.sock: illegal attempt to update using time 1683753051.000000 when last update time is 1683753608.000000 (minimum one second step)
2023-05-10 21:11:07 [55758] [0] RRDs::update /omd/sites/cmk/var/pnp4nagios/perfdata/.pnp-internal/runtime_update.rrd 1683753051:0
2023-05-10 21:11:07 [55758] [0] RRDs::update ERROR rrdcached@unix:/omd/sites/cmk/tmp/run/rrdcached.sock: illegal attempt to update using time 1683753051.000000 when last update time is 1683753608.000000 (minimum one second step)
2023-05-10 21:11:07 [55758] [0] RRDs::update /omd/sites/cmk/var/pnp4nagios/perfdata/.pnp-internal/runtime_create.rrd 1683753051:0
2023-05-10 21:11:07 [55758] [0] RRDs::update ERROR rrdcached@unix:/omd/sites/cmk/tmp/run/rrdcached.sock: illegal attempt to update using time 1683753051.000000 when last update time is 1683753608.000000 (minimum one second step)
2023-05-10 21:12:08 [55867] [0] RRDs::update /omd/sites/cmk/var/pnp4nagios/perfdata/.pnp-internal/runtime_runtime.rrd 1683753113:0.026881
2023-05-10 21:12:08 [55867] [0] RRDs::update ERROR rrdcached@unix:/omd/sites/cmk/tmp/run/rrdcached.sock: illegal attempt to update using time 1683753113.000000 when last update time is 1683753608.000000 (minimum one second step)
2023-05-10 21:12:08 [55867] [0] RRDs::update /omd/sites/cmk/var/pnp4nagios/perfdata/.pnp-internal/runtime_rows.rrd 1683753113:0
2023-05-10 21:12:08 [55867] [0] RRDs::update ERROR rrdcached@unix:/omd/sites/cmk/tmp/run/rrdcached.sock: illegal attempt to update using time 1683753113.000000 when last update time is 1683753608.000000 (minimum one second step)
2023-05-10 21:12:08 [55867] [0] RRDs::update /omd/sites/cmk/var/pnp4nagios/perfdata/.pnp-internal/runtime_errors.rrd 1683753113:0
2023-05-10 21:12:08 [55867] [0] RRDs::update ERROR rrdcached@unix:/omd/sites/cmk/tmp/run/rrdcached.sock: illegal attempt to update using time 1683753113.000000 when last update time is 1683753608.000000 (minimum one second step)
2023-05-10 21:12:08 [55867] [0] RRDs::update /omd/sites/cmk/var/pnp4nagios/perfdata/.pnp-internal/runtime_invalid.rrd 1683753113:0
2023-05-10 21:12:08 [55867] [0] RRDs::update ERROR rrdcached@unix:/omd/sites/cmk/tmp/run/rrdcached.sock: illegal attempt to update using time 1683753113.000000 when last update time is 1683753608.000000 (minimum one second step)
2023-05-10 21:12:08 [55867] [0] RRDs::update /omd/sites/cmk/var/pnp4nagios/perfdata/.pnp-internal/runtime_skipped.rrd 1683753113:0
2023-05-10 21:12:08 [55867] [0] RRDs::update ERROR rrdcached@unix:/omd/sites/cmk/tmp/run/rrdcached.sock: illegal attempt to update using time 1683753113.000000 when last update time is 1683753608.000000 (minimum one second step)
2023-05-10 21:12:08 [55867] [0] RRDs::update /omd/sites/cmk/var/pnp4nagios/perfdata/.pnp-internal/runtime_update.rrd 1683753113:0
2023-05-10 21:12:08 [55867] [0] RRDs::update ERROR rrdcached@unix:/omd/sites/cmk/tmp/run/rrdcached.sock: illegal attempt to update using time 1683753113.000000 when last update time is 1683753608.000000 (minimum one second step)
2023-05-10 21:12:08 [55867] [0] RRDs::update /omd/sites/cmk/var/pnp4nagios/perfdata/.pnp-internal/runtime_create.rrd 1683753113:0
2023-05-10 21:12:08 [55867] [0] RRDs::update ERROR rrdcached@unix:/omd/sites/cmk/tmp/run/rrdcached.sock: illegal attempt to update using time 1683753113.000000 when last update time is 1683753608.000000 (minimum one second step)
2023-05-10 21:13:09 [55978] [0] RRDs::update /omd/sites/cmk/var/pnp4nagios/perfdata/.pnp-internal/runtime_runtime.rrd 1683753174:0.022531
2023-05-10 21:13:09 [55978] [0] RRDs::update ERROR rrdcached@unix:/omd/sites/cmk/tmp/run/rrdcached.sock: illegal attempt to update using time 1683753174.000000 when last update time is 1683753608.000000 (minimum one second step)
2023-05-10 21:13:09 [55978] [0] RRDs::update /omd/sites/cmk/var/pnp4nagios/perfdata/.pnp-internal/runtime_rows.rrd 1683753174:0
2023-05-10 21:13:09 [55978] [0] RRDs::update ERROR rrdcached@unix:/omd/sites/cmk/tmp/run/rrdcached.sock: illegal attempt to update using time 1683753174.000000 when last update time is 1683753608.000000 (minimum one second step)
2023-05-10 21:13:09 [55978] [0] RRDs::update /omd/sites/cmk/var/pnp4nagios/perfdata/.pnp-internal/runtime_errors.rrd 1683753174:0
2023-05-10 21:13:09 [55978] [0] RRDs::update ERROR rrdcached@unix:/omd/sites/cmk/tmp/run/rrdcached.sock: illegal attempt to update using time 1683753174.000000 when last update time is 1683753608.000000 (minimum one second step)
2023-05-10 21:13:09 [55978] [0] RRDs::update /omd/sites/cmk/var/pnp4nagios/perfdata/.pnp-internal/runtime_invalid.rrd 1683753174:0
2023-05-10 21:13:09 [55978] [0] RRDs::update ERROR rrdcached@unix:/omd/sites/cmk/tmp/run/rrdcached.sock: illegal attempt to update using time 1683753174.000000 when last update time is 1683753608.000000 (minimum one second step)
2023-05-10 21:13:09 [55978] [0] RRDs::update /omd/sites/cmk/var/pnp4nagios/perfdata/.pnp-internal/runtime_skipped.rrd 1683753174:0
2023-05-10 21:13:09 [55978] [0] RRDs::update ERROR rrdcached@unix:/omd/sites/cmk/tmp/run/rrdcached.sock: illegal attempt to update using time 1683753174.000000 when last update time is 1683753608.000000 (minimum one second step)
2023-05-10 21:13:09 [55978] [0] RRDs::update /omd/sites/cmk/var/pnp4nagios/perfdata/.pnp-internal/runtime_update.rrd 1683753174:0
2023-05-10 21:13:09 [55978] [0] RRDs::update ERROR rrdcached@unix:/omd/sites/cmk/tmp/run/rrdcached.sock: illegal attempt to update using time 1683753174.000000 when last update time is 1683753608.000000 (minimum one second step)
2023-05-10 21:13:09 [55978] [0] RRDs::update /omd/sites/cmk/var/pnp4nagios/perfdata/.pnp-internal/runtime_create.rrd 1683753174:0
2023-05-10 21:13:09 [55978] [0] RRDs::update ERROR rrdcached@unix:/omd/sites/cmk/tmp/run/rrdcached.sock: illegal attempt to update using time 1683753174.000000 when last update time is 1683753608.000000 (minimum one second step)
2023-05-10 21:14:10 [56088] [0] RRDs::update /omd/sites/cmk/var/pnp4nagios/perfdata/.pnp-internal/runtime_runtime.rrd 1683753235:0.027796
2023-05-10 21:14:10 [56088] [0] RRDs::update ERROR rrdcached@unix:/omd/sites/cmk/tmp/run/rrdcached.sock: illegal attempt to update using time 1683753235.000000 when last update time is 1683753608.000000 (minimum one second step)
2023-05-10 21:14:10 [56088] [0] RRDs::update /omd/sites/cmk/var/pnp4nagios/perfdata/.pnp-internal/runtime_rows.rrd 1683753235:0
2023-05-10 21:14:10 [56088] [0] RRDs::update ERROR rrdcached@unix:/omd/sites/cmk/tmp/run/rrdcached.sock: illegal attempt to update using time 1683753235.000000 when last update time is 1683753608.000000 (minimum one second step)
2023-05-10 21:14:10 [56088] [0] RRDs::update /omd/sites/cmk/var/pnp4nagios/perfdata/.pnp-internal/runtime_errors.rrd 1683753235:0
2023-05-10 21:14:10 [56088] [0] RRDs::update ERROR rrdcached@unix:/omd/sites/cmk/tmp/run/rrdcached.sock: illegal attempt to update using time 1683753235.000000 when last update time is 1683753608.000000 (minimum one second step)
2023-05-10 21:14:10 [56088] [0] RRDs::update /omd/sites/cmk/var/pnp4nagios/perfdata/.pnp-internal/runtime_invalid.rrd 1683753235:0
2023-05-10 21:14:10 [56088] [0] RRDs::update ERROR rrdcached@unix:/omd/sites/cmk/tmp/run/rrdcached.sock: illegal attempt to update using time 1683753235.000000 when last update time is 1683753608.000000 (minimum one second step)
2023-05-10 21:14:10 [56088] [0] RRDs::update /omd/sites/cmk/var/pnp4nagios/perfdata/.pnp-internal/runtime_skipped.rrd 1683753235:0
2023-05-10 21:14:10 [56088] [0] RRDs::update ERROR rrdcached@unix:/omd/sites/cmk/tmp/run/rrdcached.sock: illegal attempt to update using time 1683753235.000000 when last update time is 1683753608.000000 (minimum one second step)
2023-05-10 21:14:10 [56088] [0] RRDs::update /omd/sites/cmk/var/pnp4nagios/perfdata/.pnp-internal/runtime_update.rrd 1683753235:0
2023-05-10 21:14:10 [56088] [0] RRDs::update ERROR rrdcached@unix:/omd/sites/cmk/tmp/run/rrdcached.sock: illegal attempt to update using time 1683753235.000000 when last update time is 1683753608.000000 (minimum one second step)
2023-05-10 21:14:10 [56088] [0] RRDs::update /omd/sites/cmk/var/pnp4nagios/perfdata/.pnp-internal/runtime_create.rrd 1683753235:0
2023-05-10 21:14:10 [56088] [0] RRDs::update ERROR rrdcached@unix:/omd/sites/cmk/tmp/run/rrdcached.sock: illegal attempt to update using time 1683753235.000000 when last update time is 1683753608.000000 (minimum one second step)
2023-05-10 21:15:11 [56208] [0] RRDs::update /omd/sites/cmk/var/pnp4nagios/perfdata/.pnp-internal/runtime_runtime.rrd 1683753296:0.021294
2023-05-10 21:15:11 [56208] [0] RRDs::update ERROR rrdcached@unix:/omd/sites/cmk/tmp/run/rrdcached.sock: illegal attempt to update using time 1683753296.000000 when last update time is 1683753608.000000 (minimum one second step)
2023-05-10 21:15:11 [56208] [0] RRDs::update /omd/sites/cmk/var/pnp4nagios/perfdata/.pnp-internal/runtime_rows.rrd 1683753296:0
2023-05-10 21:15:11 [56208] [0] RRDs::update ERROR rrdcached@unix:/omd/sites/cmk/tmp/run/rrdcached.sock: illegal attempt to update using time 1683753296.000000 when last update time is 1683753608.000000 (minimum one second step)
2023-05-10 21:15:11 [56208] [0] RRDs::update /omd/sites/cmk/var/pnp4nagios/perfdata/.pnp-internal/runtime_errors.rrd 1683753296:0
2023-05-10 21:15:11 [56208] [0] RRDs::update ERROR rrdcached@unix:/omd/sites/cmk/tmp/run/rrdcached.sock: illegal attempt to update using time 1683753296.000000 when last update time is 1683753608.000000 (minimum one second step)
2023-05-10 21:15:11 [56208] [0] RRDs::update /omd/sites/cmk/var/pnp4nagios/perfdata/.pnp-internal/runtime_invalid.rrd 1683753296:0
2023-05-10 21:15:11 [56208] [0] RRDs::update ERROR rrdcached@unix:/omd/sites/cmk/tmp/run/rrdcached.sock: illegal attempt to update using time 1683753296.000000 when last update time is 1683753608.000000 (minimum one second step)
2023-05-10 21:15:11 [56208] [0] RRDs::update /omd/sites/cmk/var/pnp4nagios/perfdata/.pnp-internal/runtime_skipped.rrd 1683753296:0
2023-05-10 21:15:11 [56208] [0] RRDs::update ERROR rrdcached@unix:/omd/sites/cmk/tmp/run/rrdcached.sock: illegal attempt to update using time 1683753296.000000 when last update time is 1683753608.000000 (minimum one second step)
2023-05-10 21:15:11 [56208] [0] RRDs::update /omd/sites/cmk/var/pnp4nagios/perfdata/.pnp-internal/runtime_update.rrd 1683753296:0
2023-05-10 21:15:11 [56208] [0] RRDs::update ERROR rrdcached@unix:/omd/sites/cmk/tmp/run/rrdcached.sock: illegal attempt to update using time 1683753296.000000 when last update time is 1683753608.000000 (minimum one second step)
2023-05-10 21:15:11 [56208] [0] RRDs::update /omd/sites/cmk/var/pnp4nagios/perfdata/.pnp-internal/runtime_create.rrd 1683753296:0
2023-05-10 21:15:11 [56208] [0] RRDs::update ERROR rrdcached@unix:/omd/sites/cmk/tmp/run/rrdcached.sock: illegal attempt to update using time 1683753296.000000 when last update time is 1683753608.000000 (minimum one second step)
2023-05-10 21:16:12 [56317] [0] RRDs::update /omd/sites/cmk/var/pnp4nagios/perfdata/.pnp-internal/runtime_runtime.rrd 1683753357:0.023631
2023-05-10 21:16:12 [56317] [0] RRDs::update ERROR rrdcached@unix:/omd/sites/cmk/tmp/run/rrdcached.sock: illegal attempt to update using time 1683753357.000000 when last update time is 1683753608.000000 (minimum one second step)
2023-05-10 21:16:12 [56317] [0] RRDs::update /omd/sites/cmk/var/pnp4nagios/perfdata/.pnp-internal/runtime_rows.rrd 1683753357:0
2023-05-10 21:16:12 [56317] [0] RRDs::update ERROR rrdcached@unix:/omd/sites/cmk/tmp/run/rrdcached.sock: illegal attempt to update using time 1683753357.000000 when last update time is 1683753608.000000 (minimum one second step)
2023-05-10 21:16:12 [56317] [0] RRDs::update /omd/sites/cmk/var/pnp4nagios/perfdata/.pnp-internal/runtime_errors.rrd 1683753357:0
2023-05-10 21:16:12 [56317] [0] RRDs::update ERROR rrdcached@unix:/omd/sites/cmk/tmp/run/rrdcached.sock: illegal attempt to update using time 1683753357.000000 when last update time is 1683753608.000000 (minimum one second step)
2023-05-10 21:16:12 [56317] [0] RRDs::update /omd/sites/cmk/var/pnp4nagios/perfdata/.pnp-internal/runtime_invalid.rrd 1683753357:0
2023-05-10 21:16:12 [56317] [0] RRDs::update ERROR rrdcached@unix:/omd/sites/cmk/tmp/run/rrdcached.sock: illegal attempt to update using time 1683753357.000000 when last update time is 1683753608.000000 (minimum one second step)
2023-05-10 21:16:12 [56317] [0] RRDs::update /omd/sites/cmk/var/pnp4nagios/perfdata/.pnp-internal/runtime_skipped.rrd 1683753357:0
2023-05-10 21:16:12 [56317] [0] RRDs::update ERROR rrdcached@unix:/omd/sites/cmk/tmp/run/rrdcached.sock: illegal attempt to update using time 1683753357.000000 when last update time is 1683753608.000000 (minimum one second step)
2023-05-10 21:16:12 [56317] [0] RRDs::update /omd/sites/cmk/var/pnp4nagios/perfdata/.pnp-internal/runtime_update.rrd 1683753357:0
2023-05-10 21:16:12 [56317] [0] RRDs::update ERROR rrdcached@unix:/omd/sites/cmk/tmp/run/rrdcached.sock: illegal attempt to update using time 1683753357.000000 when last update time is 1683753608.000000 (minimum one second step)
2023-05-10 21:16:12 [56317] [0] RRDs::update /omd/sites/cmk/var/pnp4nagios/perfdata/.pnp-internal/runtime_create.rrd 1683753357:0
2023-05-10 21:16:12 [56317] [0] RRDs::update ERROR rrdcached@unix:/omd/sites/cmk/tmp/run/rrdcached.sock: illegal attempt to update using time 1683753357.000000 when last update time is 1683753608.000000 (minimum one second step)
2023-05-10 21:17:13 [56429] [0] RRDs::update /omd/sites/cmk/var/pnp4nagios/perfdata/.pnp-internal/runtime_runtime.rrd 1683753418:0.02147
2023-05-10 21:17:13 [56429] [0] RRDs::update ERROR rrdcached@unix:/omd/sites/cmk/tmp/run/rrdcached.sock: illegal attempt to update using time 1683753418.000000 when last update time is 1683753608.000000 (minimum one second step)
2023-05-10 21:17:13 [56429] [0] RRDs::update /omd/sites/cmk/var/pnp4nagios/perfdata/.pnp-internal/runtime_rows.rrd 1683753418:0
2023-05-10 21:17:13 [56429] [0] RRDs::update ERROR rrdcached@unix:/omd/sites/cmk/tmp/run/rrdcached.sock: illegal attempt to update using time 1683753418.000000 when last update time is 1683753608.000000 (minimum one second step)
2023-05-10 21:17:13 [56429] [0] RRDs::update /omd/sites/cmk/var/pnp4nagios/perfdata/.pnp-internal/runtime_errors.rrd 1683753418:0
2023-05-10 21:17:13 [56429] [0] RRDs::update ERROR rrdcached@unix:/omd/sites/cmk/tmp/run/rrdcached.sock: illegal attempt to update using time 1683753418.000000 when last update time is 1683753608.000000 (minimum one second step)
2023-05-10 21:17:13 [56429] [0] RRDs::update /omd/sites/cmk/var/pnp4nagios/perfdata/.pnp-internal/runtime_invalid.rrd 1683753418:0
2023-05-10 21:17:13 [56429] [0] RRDs::update ERROR rrdcached@unix:/omd/sites/cmk/tmp/run/rrdcached.sock: illegal attempt to update using time 1683753418.000000 when last update time is 1683753608.000000 (minimum one second step)
2023-05-10 21:17:13 [56429] [0] RRDs::update /omd/sites/cmk/var/pnp4nagios/perfdata/.pnp-internal/runtime_skipped.rrd 1683753418:0
2023-05-10 21:17:13 [56429] [0] RRDs::update ERROR rrdcached@unix:/omd/sites/cmk/tmp/run/rrdcached.sock: illegal attempt to update using time 1683753418.000000 when last update time is 1683753608.000000 (minimum one second step)
2023-05-10 21:17:13 [56429] [0] RRDs::update /omd/sites/cmk/var/pnp4nagios/perfdata/.pnp-internal/runtime_update.rrd 1683753418:0
2023-05-10 21:17:13 [56429] [0] RRDs::update ERROR rrdcached@unix:/omd/sites/cmk/tmp/run/rrdcached.sock: illegal attempt to update using time 1683753418.000000 when last update time is 1683753608.000000 (minimum one second step)
2023-05-10 21:17:13 [56429] [0] RRDs::update /omd/sites/cmk/var/pnp4nagios/perfdata/.pnp-internal/runtime_create.rrd 1683753418:0
2023-05-10 21:17:13 [56429] [0] RRDs::update ERROR rrdcached@unix:/omd/sites/cmk/tmp/run/rrdcached.sock: illegal attempt to update using time 1683753418.000000 when last update time is 1683753608.000000 (minimum one second step)
2023-05-10 21:18:14 [56538] [0] RRDs::update /omd/sites/cmk/var/pnp4nagios/perfdata/.pnp-internal/runtime_runtime.rrd 1683753479:0.021353
2023-05-10 21:18:14 [56538] [0] RRDs::update ERROR rrdcached@unix:/omd/sites/cmk/tmp/run/rrdcached.sock: illegal attempt to update using time 1683753479.000000 when last update time is 1683753608.000000 (minimum one second step)
2023-05-10 21:18:14 [56538] [0] RRDs::update /omd/sites/cmk/var/pnp4nagios/perfdata/.pnp-internal/runtime_rows.rrd 1683753479:0
2023-05-10 21:18:14 [56538] [0] RRDs::update ERROR rrdcached@unix:/omd/sites/cmk/tmp/run/rrdcached.sock: illegal attempt to update using time 1683753479.000000 when last update time is 1683753608.000000 (minimum one second step)
2023-05-10 21:18:14 [56538] [0] RRDs::update /omd/sites/cmk/var/pnp4nagios/perfdata/.pnp-internal/runtime_errors.rrd 1683753479:0
2023-05-10 21:18:14 [56538] [0] RRDs::update ERROR rrdcached@unix:/omd/sites/cmk/tmp/run/rrdcached.sock: illegal attempt to update using time 1683753479.000000 when last update time is 1683753608.000000 (minimum one second step)
2023-05-10 21:18:14 [56538] [0] RRDs::update /omd/sites/cmk/var/pnp4nagios/perfdata/.pnp-internal/runtime_invalid.rrd 1683753479:0
2023-05-10 21:18:14 [56538] [0] RRDs::update ERROR rrdcached@unix:/omd/sites/cmk/tmp/run/rrdcached.sock: illegal attempt to update using time 1683753479.000000 when last update time is 1683753608.000000 (minimum one second step)
2023-05-10 21:18:14 [56538] [0] RRDs::update /omd/sites/cmk/var/pnp4nagios/perfdata/.pnp-internal/runtime_skipped.rrd 1683753479:0
2023-05-10 21:18:14 [56538] [0] RRDs::update ERROR rrdcached@unix:/omd/sites/cmk/tmp/run/rrdcached.sock: illegal attempt to update using time 1683753479.000000 when last update time is 1683753608.000000 (minimum one second step)
2023-05-10 21:18:14 [56538] [0] RRDs::update /omd/sites/cmk/var/pnp4nagios/perfdata/.pnp-internal/runtime_update.rrd 1683753479:0
2023-05-10 21:18:14 [56538] [0] RRDs::update ERROR rrdcached@unix:/omd/sites/cmk/tmp/run/rrdcached.sock: illegal attempt to update using time 1683753479.000000 when last update time is 1683753608.000000 (minimum one second step)
2023-05-10 21:18:14 [56538] [0] RRDs::update /omd/sites/cmk/var/pnp4nagios/perfdata/.pnp-internal/runtime_create.rrd 1683753479:0
2023-05-10 21:18:14 [56538] [0] RRDs::update ERROR rrdcached@unix:/omd/sites/cmk/tmp/run/rrdcached.sock: illegal attempt to update using time 1683753479.000000 when last update time is 1683753608.000000 (minimum one second step)
2023-05-10 21:19:00 [56564] [0] RRDs::update /omd/sites/cmk/var/pnp4nagios/perfdata/.pnp-internal/runtime_runtime.rrd 1683753525:0.018024
2023-05-10 21:19:00 [56564] [0] RRDs::update ERROR rrdcached@unix:/omd/sites/cmk/tmp/run/rrdcached.sock: illegal attempt to update using time 1683753525.000000 when last update time is 1683753608.000000 (minimum one second step)
2023-05-10 21:19:00 [56564] [0] RRDs::update /omd/sites/cmk/var/pnp4nagios/perfdata/.pnp-internal/runtime_rows.rrd 1683753525:0
2023-05-10 21:19:00 [56564] [0] RRDs::update ERROR rrdcached@unix:/omd/sites/cmk/tmp/run/rrdcached.sock: illegal attempt to update using time 1683753525.000000 when last update time is 1683753608.000000 (minimum one second step)
2023-05-10 21:19:00 [56564] [0] RRDs::update /omd/sites/cmk/var/pnp4nagios/perfdata/.pnp-internal/runtime_errors.rrd 1683753525:0
2023-05-10 21:19:00 [56564] [0] RRDs::update ERROR rrdcached@unix:/omd/sites/cmk/tmp/run/rrdcached.sock: illegal attempt to update using time 1683753525.000000 when last update time is 1683753608.000000 (minimum one second step)
2023-05-10 21:19:00 [56564] [0] RRDs::update /omd/sites/cmk/var/pnp4nagios/perfdata/.pnp-internal/runtime_invalid.rrd 1683753525:0
2023-05-10 21:19:00 [56564] [0] RRDs::update ERROR rrdcached@unix:/omd/sites/cmk/tmp/run/rrdcached.sock: illegal attempt to update using time 1683753525.000000 when last update time is 1683753608.000000 (minimum one second step)
2023-05-10 21:19:00 [56564] [0] RRDs::update /omd/sites/cmk/var/pnp4nagios/perfdata/.pnp-internal/runtime_skipped.rrd 1683753525:0
2023-05-10 21:19:00 [56564] [0] RRDs::update ERROR rrdcached@unix:/omd/sites/cmk/tmp/run/rrdcached.sock: illegal attempt to update using time 1683753525.000000 when last update time is 1683753608.000000 (minimum one second step)
2023-05-10 21:19:00 [56564] [0] RRDs::update /omd/sites/cmk/var/pnp4nagios/perfdata/.pnp-internal/runtime_update.rrd 1683753525:0
2023-05-10 21:19:00 [56564] [0] RRDs::update ERROR rrdcached@unix:/omd/sites/cmk/tmp/run/rrdcached.sock: illegal attempt to update using time 1683753525.000000 when last update time is 1683753608.000000 (minimum one second step)
2023-05-10 21:19:00 [56564] [0] RRDs::update /omd/sites/cmk/var/pnp4nagios/perfdata/.pnp-internal/runtime_create.rrd 1683753525:0
2023-05-10 21:19:00 [56564] [0] RRDs::update ERROR rrdcached@unix:/omd/sites/cmk/tmp/run/rrdcached.sock: illegal attempt to update using time 1683753525.000000 when last update time is 1683753608.000000 (minimum one second step)
2023-05-10 21:20:01 [56657] [0] RRDs::update /omd/sites/cmk/var/pnp4nagios/perfdata/.pnp-internal/runtime_runtime.rrd 1683753586:0.028598
2023-05-10 21:20:01 [56657] [0] RRDs::update ERROR rrdcached@unix:/omd/sites/cmk/tmp/run/rrdcached.sock: illegal attempt to update using time 1683753586.000000 when last update time is 1683753608.000000 (minimum one second step)
2023-05-10 21:20:01 [56657] [0] RRDs::update /omd/sites/cmk/var/pnp4nagios/perfdata/.pnp-internal/runtime_rows.rrd 1683753586:0
2023-05-10 21:20:01 [56657] [0] RRDs::update ERROR rrdcached@unix:/omd/sites/cmk/tmp/run/rrdcached.sock: illegal attempt to update using time 1683753586.000000 when last update time is 1683753608.000000 (minimum one second step)
2023-05-10 21:20:01 [56657] [0] RRDs::update /omd/sites/cmk/var/pnp4nagios/perfdata/.pnp-internal/runtime_errors.rrd 1683753586:0
2023-05-10 21:20:01 [56657] [0] RRDs::update ERROR rrdcached@unix:/omd/sites/cmk/tmp/run/rrdcached.sock: illegal attempt to update using time 1683753586.000000 when last update time is 1683753608.000000 (minimum one second step)
2023-05-10 21:20:01 [56657] [0] RRDs::update /omd/sites/cmk/var/pnp4nagios/perfdata/.pnp-internal/runtime_invalid.rrd 1683753586:0
2023-05-10 21:20:01 [56657] [0] RRDs::update ERROR rrdcached@unix:/omd/sites/cmk/tmp/run/rrdcached.sock: illegal attempt to update using time 1683753586.000000 when last update time is 1683753608.000000 (minimum one second step)
2023-05-10 21:20:01 [56657] [0] RRDs::update /omd/sites/cmk/var/pnp4nagios/perfdata/.pnp-internal/runtime_skipped.rrd 1683753586:0
2023-05-10 21:20:02 [56657] [0] RRDs::update ERROR rrdcached@unix:/omd/sites/cmk/tmp/run/rrdcached.sock: illegal attempt to update using time 1683753586.000000 when last update time is 1683753608.000000 (minimum one second step)
2023-05-10 21:20:02 [56657] [0] RRDs::update /omd/sites/cmk/var/pnp4nagios/perfdata/.pnp-internal/runtime_update.rrd 1683753586:0
2023-05-10 21:20:02 [56657] [0] RRDs::update ERROR rrdcached@unix:/omd/sites/cmk/tmp/run/rrdcached.sock: illegal attempt to update using time 1683753586.000000 when last update time is 1683753608.000000 (minimum one second step)
2023-05-10 21:20:02 [56657] [0] RRDs::update /omd/sites/cmk/var/pnp4nagios/perfdata/.pnp-internal/runtime_create.rrd 1683753586:0
2023-05-10 21:20:02 [56657] [0] RRDs::update ERROR rrdcached@unix:/omd/sites/cmk/tmp/run/rrdcached.sock: illegal attempt to update using time 1683753586.000000 when last update time is 1683753608.000000 (minimum one second step)
