[1683415233] Nagios 3.5.1 starting... (PID=640)
[1683415233] Local time is Sat May 06 23:20:33 GMT 2023
[1683415233] LOG VERSION: 2.0
[1683415233] npcdmod: Copyright (c) 2008-2009 Hendrik Baecker (andurin@process-zero.de) - http://www.pnp4nagios.org
[1683415233] npcdmod: /omd/sites/cmk/etc/pnp4nagios/npcd.cfg initialized
[1683415233] npcdmod: spool_dir = '/omd/sites/cmk/var/pnp4nagios/spool/'.
[1683415233] npcdmod: perfdata file '/omd/sites/cmk/var/pnp4nagios/perfdata.dump'.
[1683415233] npcdmod: Ready to run to have some fun!
[1683415233] Event broker module '/omd/sites/cmk/lib/npcdmod.o' initialized successfully.
[1683415233] livestatus: setting number of client threads to 20
[1683415233] livestatus: Path to the license usage '/omd/sites/cmk/var/check_mk/license_usage/history.json' not existing!
[1683415233] livestatus: Check_MK Inventory directory '/omd/sites/cmk/var/check_mk/inventory' not existing!
[1683415233] livestatus: Check_MK robotmk HTML log directory '/omd/sites/cmk/var/robotmk' not existing!
[1683415233] livestatus: Livestatus by tribe29 GmbH started with PID 640
[1683415233] livestatus: version 2.1.0p27 compiled Wed, 03 May 2023 11:07:29 +0000 on ubuntu-22.04
[1683415233] livestatus: built with g++-12 (GCC) 12.2.0, using RE2 regex engine
[1683415233] livestatus: please visit us at https://checkmk.com/
[1683415233] livestatus: socket path = '/omd/sites/cmk/tmp/run/live'
[1683415233] livestatus: pnp path = '/omd/sites/cmk/var/pnp4nagios/perfdata'
[1683415233] livestatus: inventory path = ''
[1683415233] livestatus: structured status path = ''
[1683415233] livestatus: robotmk html log path = '""'
[1683415233] livestatus: logwatch path = '/omd/sites/cmk/var/check_mk/logwatch'
[1683415233] livestatus: log file path = '/omd/sites/cmk/var/nagios/livestatus.log'
[1683415233] livestatus: mkeventd socket path = '/omd/sites/cmk/tmp/run/mkeventd/status'
[1683415233] livestatus: rrdcached socket path = '/omd/sites/cmk/tmp/run/rrdcached.sock'
[1683415233] livestatus: running on Checkmk site cmk, cool.
[1683415233] livestatus: opened UNIX socket at /omd/sites/cmk/tmp/run/live
[1683415233] livestatus: your event_broker_options are sufficient for livestatus.
[1683415233] livestatus: finished initialization, further log messages go to /omd/sites/cmk/var/nagios/livestatus.log
[1683415233] Event broker module '/omd/sites/cmk/lib/mk-livestatus/livestatus.o' initialized successfully.
[1683415233] Finished daemonizing... (New PID=641)
[1683415233] livestatus: TIMEPERIOD TRANSITION: 24X7;-1;1
[1683415233] livestatus: Timeperiod cache not updated, there are no timeperiods (yet)
[1683415233] livestatus: logging initial states
[1683415233] livestatus: starting main thread and 20 client threads
[1683415233] livestatus: default stack size is 8388608
[1683415233] livestatus: setting thread stack size to 1048576
[1683415293] livestatus: Timeperiod cache not updated, there are no timeperiods (yet)
[1683415353] livestatus: Timeperiod cache not updated, there are no timeperiods (yet)
[1683415413] livestatus: Timeperiod cache not updated, there are no timeperiods (yet)
[1683415473] livestatus: Timeperiod cache not updated, there are no timeperiods (yet)
[1683415534] livestatus: Timeperiod cache not updated, there are no timeperiods (yet)
[1683415594] livestatus: Timeperiod cache not updated, there are no timeperiods (yet)
[1683415654] livestatus: Timeperiod cache not updated, there are no timeperiods (yet)
[1683415714] livestatus: Timeperiod cache not updated, there are no timeperiods (yet)
[1683415774] livestatus: Timeperiod cache not updated, there are no timeperiods (yet)
[1683415834] livestatus: Timeperiod cache not updated, there are no timeperiods (yet)
[1683415894] livestatus: Timeperiod cache not updated, there are no timeperiods (yet)
[1683415954] livestatus: Timeperiod cache not updated, there are no timeperiods (yet)
[1683416014] livestatus: Timeperiod cache not updated, there are no timeperiods (yet)
[1683416075] livestatus: Timeperiod cache not updated, there are no timeperiods (yet)
[1683416135] livestatus: Timeperiod cache not updated, there are no timeperiods (yet)
[1683416195] livestatus: Timeperiod cache not updated, there are no timeperiods (yet)
[1683416255] livestatus: Timeperiod cache not updated, there are no timeperiods (yet)
[1683416315] livestatus: Timeperiod cache not updated, there are no timeperiods (yet)
[1683416375] livestatus: Timeperiod cache not updated, there are no timeperiods (yet)
[1683416435] livestatus: Timeperiod cache not updated, there are no timeperiods (yet)
[1683416495] livestatus: Timeperiod cache not updated, there are no timeperiods (yet)
[1683416555] livestatus: Timeperiod cache not updated, there are no timeperiods (yet)
[1683416616] livestatus: Timeperiod cache not updated, there are no timeperiods (yet)
[1683423811] Warning: A system time change of 0d 1h 59m 29s (forwards in time) has been detected.  Compensating...
[1683423811] livestatus: Timeperiod cache not updated, there are no timeperiods (yet)
[1683423811] livestatus: TIMEPERIOD TRANSITION: 24X7;1;1
[1683426749] livestatus: Timeperiod cache not updated, there are no timeperiods (yet)
[1683426749] Warning: A system time change of 0d 0h 47m 57s (forwards in time) has been detected.  Compensating...
[1683426749] livestatus: TIMEPERIOD TRANSITION: 24X7;1;1
[1683442991] Warning: A system time change of 0d 1h 3m 49s (forwards in time) has been detected.  Compensating...
[1683442991] livestatus: Timeperiod cache not updated, there are no timeperiods (yet)
[1683442991] livestatus: TIMEPERIOD TRANSITION: 24X7;1;1
[1683442991] Warning: A system time change of 0d 3h 26m 35s (forwards in time) has been detected.  Compensating...
[1683442991] livestatus: TIMEPERIOD TRANSITION: 24X7;1;1
[1683443631] livestatus: Timeperiod cache not updated, there are no timeperiods (yet)
[1683443628] Warning: A system time change of 0d 0h 0m 2s (backwards in time) has been detected.  Compensating...
[1683443628] livestatus: TIMEPERIOD TRANSITION: 24X7;1;1
[1683447000] Warning: A system time change of 0d 0h 55m 43s (forwards in time) has been detected.  Compensating...
[1683447000] livestatus: Timeperiod cache not updated, there are no timeperiods (yet)
[1683447000] livestatus: TIMEPERIOD TRANSITION: 24X7;1;1
[1683452741] Warning: A system time change of 0d 1h 35m 18s (forwards in time) has been detected.  Compensating...
[1683452741] livestatus: Timeperiod cache not updated, there are no timeperiods (yet)
[1683452741] livestatus: TIMEPERIOD TRANSITION: 24X7;1;1
[1683452815] livestatus: Timeperiod cache not updated, there are no timeperiods (yet)
[1683453067] livestatus: Timeperiod cache not updated, there are no timeperiods (yet)
[1683453428] livestatus: Timeperiod cache not updated, there are no timeperiods (yet)
[1683453501] livestatus: Timeperiod cache not updated, there are no timeperiods (yet)
[1683453613] livestatus: Timeperiod cache not updated, there are no timeperiods (yet)
[1683453730] livestatus: Timeperiod cache not updated, there are no timeperiods (yet)
[1683453862] livestatus: Timeperiod cache not updated, there are no timeperiods (yet)
[1683453922] livestatus: Timeperiod cache not updated, there are no timeperiods (yet)
[1683454342] livestatus: Timeperiod cache not updated, there are no timeperiods (yet)
[1683454342] Auto-save of retention data completed successfully.
[1683455299] Warning: A system time change of 0d 0h 15m 26s (forwards in time) has been detected.  Compensating...
[1683455299] livestatus: Timeperiod cache not updated, there are no timeperiods (yet)
[1683455299] livestatus: TIMEPERIOD TRANSITION: 24X7;1;1
[1683456331] Warning: A system time change of 0d 0h 16m 45s (forwards in time) has been detected.  Compensating...
[1683456331] livestatus: Timeperiod cache not updated, there are no timeperiods (yet)
[1683456331] livestatus: TIMEPERIOD TRANSITION: 24X7;1;1
[1683457286] Warning: A system time change of 0d 0h 15m 25s (forwards in time) has been detected.  Compensating...
[1683457286] livestatus: Timeperiod cache not updated, there are no timeperiods (yet)
[1683457286] livestatus: TIMEPERIOD TRANSITION: 24X7;1;1
[1683457501] livestatus: Timeperiod cache not updated, there are no timeperiods (yet)
[1683457561] livestatus: Timeperiod cache not updated, there are no timeperiods (yet)
[1683457621] livestatus: Timeperiod cache not updated, there are no timeperiods (yet)
[1683457681] livestatus: Timeperiod cache not updated, there are no timeperiods (yet)
[1683457742] livestatus: Timeperiod cache not updated, there are no timeperiods (yet)
[1683457802] livestatus: Timeperiod cache not updated, there are no timeperiods (yet)
[1683457862] livestatus: Timeperiod cache not updated, there are no timeperiods (yet)
[1683457922] livestatus: Timeperiod cache not updated, there are no timeperiods (yet)
[1683457982] livestatus: Timeperiod cache not updated, there are no timeperiods (yet)
[1683458042] livestatus: Timeperiod cache not updated, there are no timeperiods (yet)
[1683458102] livestatus: Timeperiod cache not updated, there are no timeperiods (yet)
[1683458162] livestatus: Timeperiod cache not updated, there are no timeperiods (yet)
[1683458222] livestatus: Timeperiod cache not updated, there are no timeperiods (yet)
[1683458282] livestatus: Timeperiod cache not updated, there are no timeperiods (yet)
[1683458343] livestatus: Timeperiod cache not updated, there are no timeperiods (yet)
[1683458403] livestatus: Timeperiod cache not updated, there are no timeperiods (yet)
[1683458463] livestatus: Timeperiod cache not updated, there are no timeperiods (yet)
[1683458523] livestatus: Timeperiod cache not updated, there are no timeperiods (yet)
[1683458583] livestatus: Timeperiod cache not updated, there are no timeperiods (yet)
[1683458643] livestatus: Timeperiod cache not updated, there are no timeperiods (yet)
[1683458703] livestatus: Timeperiod cache not updated, there are no timeperiods (yet)
[1683458763] livestatus: Timeperiod cache not updated, there are no timeperiods (yet)
[1683458823] livestatus: Timeperiod cache not updated, there are no timeperiods (yet)
[1683458884] livestatus: Timeperiod cache not updated, there are no timeperiods (yet)
[1683458944] livestatus: Timeperiod cache not updated, there are no timeperiods (yet)
[1683459004] livestatus: Timeperiod cache not updated, there are no timeperiods (yet)
[1683459064] livestatus: Timeperiod cache not updated, there are no timeperiods (yet)
[1683459124] livestatus: Timeperiod cache not updated, there are no timeperiods (yet)
[1683459184] livestatus: Timeperiod cache not updated, there are no timeperiods (yet)
[1683459244] livestatus: Timeperiod cache not updated, there are no timeperiods (yet)
[1683459305] livestatus: Timeperiod cache not updated, there are no timeperiods (yet)
[1683459365] livestatus: Timeperiod cache not updated, there are no timeperiods (yet)
[1683459425] livestatus: Timeperiod cache not updated, there are no timeperiods (yet)
[1683459485] livestatus: Timeperiod cache not updated, there are no timeperiods (yet)
[1683459545] livestatus: Timeperiod cache not updated, there are no timeperiods (yet)
[1683459605] livestatus: Timeperiod cache not updated, there are no timeperiods (yet)
[1683459665] livestatus: Timeperiod cache not updated, there are no timeperiods (yet)
[1683459725] livestatus: Timeperiod cache not updated, there are no timeperiods (yet)
[1683459785] livestatus: Timeperiod cache not updated, there are no timeperiods (yet)
[1683459846] livestatus: Timeperiod cache not updated, there are no timeperiods (yet)
[1683459906] livestatus: Timeperiod cache not updated, there are no timeperiods (yet)
[1683459966] livestatus: Timeperiod cache not updated, there are no timeperiods (yet)
[1683460026] livestatus: Timeperiod cache not updated, there are no timeperiods (yet)
[1683460086] livestatus: Timeperiod cache not updated, there are no timeperiods (yet)
[1683460384] livestatus: Timeperiod cache not updated, there are no timeperiods (yet)
[1683460536] livestatus: Timeperiod cache not updated, there are no timeperiods (yet)
[1683460603] livestatus: Timeperiod cache not updated, there are no timeperiods (yet)
[1683460618] Auto-save of retention data completed successfully.
[1683465923] Warning: A system time change of 0d 1h 27m 47s (forwards in time) has been detected.  Compensating...
[1683465923] livestatus: Timeperiod cache not updated, there are no timeperiods (yet)
[1683465923] livestatus: TIMEPERIOD TRANSITION: 24X7;1;1
[1683466863] Warning: A system time change of 0d 0h 15m 27s (forwards in time) has been detected.  Compensating...
[1683466864] livestatus: Timeperiod cache not updated, there are no timeperiods (yet)
[1683466864] livestatus: TIMEPERIOD TRANSITION: 24X7;1;1
[1683467493] livestatus: Timeperiod cache not updated, there are no timeperiods (yet)
[1683467563] livestatus: Timeperiod cache not updated, there are no timeperiods (yet)
[1683468521] Warning: A system time change of 0d 0h 15m 26s (forwards in time) has been detected.  Compensating...
[1683468521] livestatus: Timeperiod cache not updated, there are no timeperiods (yet)
[1683468521] livestatus: TIMEPERIOD TRANSITION: 24X7;1;1
[1683468581] livestatus: Timeperiod cache not updated, there are no timeperiods (yet)
[1683469099] livestatus: Timeperiod cache not updated, there are no timeperiods (yet)
[1683469507] livestatus: Timeperiod cache not updated, there are no timeperiods (yet)
[1683469643] livestatus: Timeperiod cache not updated, there are no timeperiods (yet)
[1683469714] livestatus: Timeperiod cache not updated, there are no timeperiods (yet)
[1683469774] livestatus: Timeperiod cache not updated, there are no timeperiods (yet)
[1683469834] livestatus: Timeperiod cache not updated, there are no timeperiods (yet)
[1683469894] livestatus: Timeperiod cache not updated, there are no timeperiods (yet)
[1683469954] livestatus: Timeperiod cache not updated, there are no timeperiods (yet)
[1683470014] livestatus: Timeperiod cache not updated, there are no timeperiods (yet)
[1683470074] livestatus: Timeperiod cache not updated, there are no timeperiods (yet)
[1683470134] livestatus: Timeperiod cache not updated, there are no timeperiods (yet)
[1683470194] livestatus: Timeperiod cache not updated, there are no timeperiods (yet)
[1683470255] livestatus: Timeperiod cache not updated, there are no timeperiods (yet)
[1683470315] livestatus: Timeperiod cache not updated, there are no timeperiods (yet)
[1683470375] livestatus: Timeperiod cache not updated, there are no timeperiods (yet)
[1683470435] livestatus: Timeperiod cache not updated, there are no timeperiods (yet)
[1683470495] livestatus: Timeperiod cache not updated, there are no timeperiods (yet)
[1683470555] livestatus: Timeperiod cache not updated, there are no timeperiods (yet)
[1683470615] livestatus: Timeperiod cache not updated, there are no timeperiods (yet)
[1683470675] livestatus: Timeperiod cache not updated, there are no timeperiods (yet)
[1683470735] livestatus: Timeperiod cache not updated, there are no timeperiods (yet)
[1683470796] livestatus: Timeperiod cache not updated, there are no timeperiods (yet)
[1683470856] livestatus: Timeperiod cache not updated, there are no timeperiods (yet)
[1683470916] livestatus: Timeperiod cache not updated, there are no timeperiods (yet)
[1683470976] livestatus: Timeperiod cache not updated, there are no timeperiods (yet)
[1683471036] livestatus: Timeperiod cache not updated, there are no timeperiods (yet)
[1683471096] livestatus: Timeperiod cache not updated, there are no timeperiods (yet)
[1683471204] livestatus: Timeperiod cache not updated, there are no timeperiods (yet)
[1683471381] livestatus: Timeperiod cache not updated, there are no timeperiods (yet)
[1683471381] Auto-save of retention data completed successfully.
[1683472099] livestatus: Timeperiod cache not updated, there are no timeperiods (yet)
[1683472349] livestatus: Timeperiod cache not updated, there are no timeperiods (yet)
[1683472467] livestatus: Timeperiod cache not updated, there are no timeperiods (yet)
[1683472527] livestatus: Timeperiod cache not updated, there are no timeperiods (yet)
[1683473043] livestatus: Timeperiod cache not updated, there are no timeperiods (yet)
[1683473491] livestatus: Timeperiod cache not updated, there are no timeperiods (yet)
[1683473551] livestatus: Timeperiod cache not updated, there are no timeperiods (yet)
[1683473691] livestatus: Timeperiod cache not updated, there are no timeperiods (yet)
[1683473772] livestatus: Timeperiod cache not updated, there are no timeperiods (yet)
[1683473832] livestatus: Timeperiod cache not updated, there are no timeperiods (yet)
[1683474169] livestatus: Timeperiod cache not updated, there are no timeperiods (yet)
[1683474234] livestatus: Timeperiod cache not updated, there are no timeperiods (yet)
[1683474553] livestatus: Timeperiod cache not updated, there are no timeperiods (yet)
[1683474613] livestatus: Timeperiod cache not updated, there are no timeperiods (yet)
[1683474673] livestatus: Timeperiod cache not updated, there are no timeperiods (yet)
[1683474733] livestatus: Timeperiod cache not updated, there are no timeperiods (yet)
[1683474793] livestatus: Timeperiod cache not updated, there are no timeperiods (yet)
[1683474853] livestatus: Timeperiod cache not updated, there are no timeperiods (yet)
[1683474913] livestatus: Timeperiod cache not updated, there are no timeperiods (yet)
[1683474938] Auto-save of retention data completed successfully.
[1683474973] livestatus: Timeperiod cache not updated, there are no timeperiods (yet)
[1683475033] livestatus: Timeperiod cache not updated, there are no timeperiods (yet)
[1683475093] livestatus: Timeperiod cache not updated, there are no timeperiods (yet)
[1683475153] livestatus: Timeperiod cache not updated, there are no timeperiods (yet)
[1683475214] livestatus: Timeperiod cache not updated, there are no timeperiods (yet)
[1683475274] livestatus: Timeperiod cache not updated, there are no timeperiods (yet)
[1683475549] livestatus: Timeperiod cache not updated, there are no timeperiods (yet)
[1683475609] livestatus: Timeperiod cache not updated, there are no timeperiods (yet)
[1683475670] livestatus: Timeperiod cache not updated, there are no timeperiods (yet)
[1683475798] livestatus: Timeperiod cache not updated, there are no timeperiods (yet)
[1683476022] livestatus: Timeperiod cache not updated, there are no timeperiods (yet)
[1683476150] livestatus: Timeperiod cache not updated, there are no timeperiods (yet)
[1683476210] livestatus: Timeperiod cache not updated, there are no timeperiods (yet)
[1683476270] livestatus: Timeperiod cache not updated, there are no timeperiods (yet)
[1683476330] livestatus: Timeperiod cache not updated, there are no timeperiods (yet)
[1683477796] Warning: A system time change of 0d 0h 24m 1s (forwards in time) has been detected.  Compensating...
[1683477796] livestatus: Timeperiod cache not updated, there are no timeperiods (yet)
[1683477797] livestatus: TIMEPERIOD TRANSITION: 24X7;1;1
[1683478654] livestatus: Timeperiod cache not updated, there are no timeperiods (yet)
[1683478720] livestatus: Timeperiod cache not updated, there are no timeperiods (yet)
[1683478841] livestatus: Timeperiod cache not updated, there are no timeperiods (yet)
[1683478901] livestatus: Timeperiod cache not updated, there are no timeperiods (yet)
[1683479020] livestatus: Timeperiod cache not updated, there are no timeperiods (yet)
[1683479079] livestatus: Timeperiod cache not updated, there are no timeperiods (yet)
[1683479727] livestatus: Timeperiod cache not updated, there are no timeperiods (yet)
[1683481048] Warning: A system time change of 0d 0h 21m 12s (forwards in time) has been detected.  Compensating...
[1683481049] livestatus: Timeperiod cache not updated, there are no timeperiods (yet)
[1683481049] livestatus: TIMEPERIOD TRANSITION: 24X7;1;1
[1683481109] livestatus: Timeperiod cache not updated, there are no timeperiods (yet)
[1683482974] Warning: A system time change of 0d 0h 30m 48s (forwards in time) has been detected.  Compensating...
[1683482974] livestatus: Timeperiod cache not updated, there are no timeperiods (yet)
[1683482974] livestatus: TIMEPERIOD TRANSITION: 24X7;1;1
[1683547356] Nagios 3.5.1 starting... (PID=84)
[1683547356] Local time is Mon May 08 12:02:36 GMT 2023
[1683547356] LOG VERSION: 2.0
[1683547356] npcdmod: Copyright (c) 2008-2009 Hendrik Baecker (andurin@process-zero.de) - http://www.pnp4nagios.org
[1683547356] npcdmod: /omd/sites/cmk/etc/pnp4nagios/npcd.cfg initialized
[1683547356] npcdmod: spool_dir = '/omd/sites/cmk/var/pnp4nagios/spool/'.
[1683547356] npcdmod: perfdata file '/omd/sites/cmk/var/pnp4nagios/perfdata.dump'.
[1683547356] npcdmod: Ready to run to have some fun!
[1683547356] Event broker module '/omd/sites/cmk/lib/npcdmod.o' initialized successfully.
[1683547357] livestatus: setting number of client threads to 20
[1683547357] livestatus: Path to the license usage '/omd/sites/cmk/var/check_mk/license_usage/history.json' not existing!
[1683547357] livestatus: Check_MK Inventory directory '/omd/sites/cmk/var/check_mk/inventory' not existing!
[1683547357] livestatus: Check_MK robotmk HTML log directory '/omd/sites/cmk/var/robotmk' not existing!
[1683547357] livestatus: Livestatus by tribe29 GmbH started with PID 84
[1683547357] livestatus: version 2.1.0p27 compiled Wed, 03 May 2023 11:07:29 +0000 on ubuntu-22.04
[1683547357] livestatus: built with g++-12 (GCC) 12.2.0, using RE2 regex engine
[1683547357] livestatus: please visit us at https://checkmk.com/
[1683547357] livestatus: socket path = '/omd/sites/cmk/tmp/run/live'
[1683547357] livestatus: pnp path = '/omd/sites/cmk/var/pnp4nagios/perfdata'
[1683547357] livestatus: inventory path = ''
[1683547357] livestatus: structured status path = ''
[1683547357] livestatus: robotmk html log path = '""'
[1683547357] livestatus: logwatch path = '/omd/sites/cmk/var/check_mk/logwatch'
[1683547357] livestatus: log file path = '/omd/sites/cmk/var/nagios/livestatus.log'
[1683547357] livestatus: mkeventd socket path = '/omd/sites/cmk/tmp/run/mkeventd/status'
[1683547357] livestatus: rrdcached socket path = '/omd/sites/cmk/tmp/run/rrdcached.sock'
[1683547357] livestatus: running on Checkmk site cmk, cool.
[1683547357] livestatus: opened UNIX socket at /omd/sites/cmk/tmp/run/live
[1683547357] livestatus: your event_broker_options are sufficient for livestatus.
[1683547357] livestatus: finished initialization, further log messages go to /omd/sites/cmk/var/nagios/livestatus.log
[1683547357] Event broker module '/omd/sites/cmk/lib/mk-livestatus/livestatus.o' initialized successfully.
[1683547357] Finished daemonizing... (New PID=85)
[1683547357] livestatus: TIMEPERIOD TRANSITION: 24X7;-1;1
[1683547357] livestatus: Timeperiod cache not updated, there are no timeperiods (yet)
[1683547357] livestatus: logging initial states
[1683547357] livestatus: starting main thread and 20 client threads
[1683547357] livestatus: default stack size is 8388608
[1683547357] livestatus: setting thread stack size to 1048576
[1683547417] livestatus: Timeperiod cache not updated, there are no timeperiods (yet)
[1683547477] livestatus: Timeperiod cache not updated, there are no timeperiods (yet)
[1683547537] livestatus: Timeperiod cache not updated, there are no timeperiods (yet)
[1683547597] livestatus: Timeperiod cache not updated, there are no timeperiods (yet)
[1683547657] livestatus: Timeperiod cache not updated, there are no timeperiods (yet)
[1683547718] livestatus: Timeperiod cache not updated, there are no timeperiods (yet)
[1683547778] livestatus: Timeperiod cache not updated, there are no timeperiods (yet)
[1683547838] livestatus: Timeperiod cache not updated, there are no timeperiods (yet)
[1683547898] livestatus: Timeperiod cache not updated, there are no timeperiods (yet)
[1683547958] livestatus: Timeperiod cache not updated, there are no timeperiods (yet)
[1683548018] livestatus: Timeperiod cache not updated, there are no timeperiods (yet)
[1683548079] livestatus: Timeperiod cache not updated, there are no timeperiods (yet)
[1683548139] livestatus: Timeperiod cache not updated, there are no timeperiods (yet)
[1683548199] livestatus: Timeperiod cache not updated, there are no timeperiods (yet)
[1683548259] livestatus: Timeperiod cache not updated, there are no timeperiods (yet)
[1683548319] livestatus: Timeperiod cache not updated, there are no timeperiods (yet)
[1683548379] livestatus: Timeperiod cache not updated, there are no timeperiods (yet)
[1683548439] livestatus: Timeperiod cache not updated, there are no timeperiods (yet)
[1683548499] livestatus: Timeperiod cache not updated, there are no timeperiods (yet)
[1683548560] livestatus: Timeperiod cache not updated, there are no timeperiods (yet)
[1683548620] livestatus: Timeperiod cache not updated, there are no timeperiods (yet)
[1683548680] livestatus: Timeperiod cache not updated, there are no timeperiods (yet)
[1683548740] livestatus: Timeperiod cache not updated, there are no timeperiods (yet)
[1683548800] livestatus: Timeperiod cache not updated, there are no timeperiods (yet)
[1683548860] livestatus: Timeperiod cache not updated, there are no timeperiods (yet)
[1683548920] livestatus: Timeperiod cache not updated, there are no timeperiods (yet)
[1683548981] livestatus: Timeperiod cache not updated, there are no timeperiods (yet)
[1683549041] livestatus: Timeperiod cache not updated, there are no timeperiods (yet)
[1683549101] livestatus: Timeperiod cache not updated, there are no timeperiods (yet)
[1683549161] livestatus: Timeperiod cache not updated, there are no timeperiods (yet)
[1683549221] livestatus: Timeperiod cache not updated, there are no timeperiods (yet)
[1683549281] livestatus: Timeperiod cache not updated, there are no timeperiods (yet)
[1683549341] livestatus: Timeperiod cache not updated, there are no timeperiods (yet)
[1683549401] livestatus: Timeperiod cache not updated, there are no timeperiods (yet)
[1683549461] livestatus: Timeperiod cache not updated, there are no timeperiods (yet)
[1683549522] livestatus: Timeperiod cache not updated, there are no timeperiods (yet)
[1683549582] livestatus: Timeperiod cache not updated, there are no timeperiods (yet)
[1683549642] livestatus: Timeperiod cache not updated, there are no timeperiods (yet)
[1683549702] livestatus: Timeperiod cache not updated, there are no timeperiods (yet)
[1683549762] livestatus: Timeperiod cache not updated, there are no timeperiods (yet)
[1683549822] livestatus: Timeperiod cache not updated, there are no timeperiods (yet)
[1683549882] livestatus: Timeperiod cache not updated, there are no timeperiods (yet)
[1683549943] livestatus: Timeperiod cache not updated, there are no timeperiods (yet)
[1683550003] livestatus: Timeperiod cache not updated, there are no timeperiods (yet)
[1683550063] livestatus: Timeperiod cache not updated, there are no timeperiods (yet)
[1683550123] livestatus: Timeperiod cache not updated, there are no timeperiods (yet)
[1683550183] livestatus: Timeperiod cache not updated, there are no timeperiods (yet)
[1683550243] livestatus: Timeperiod cache not updated, there are no timeperiods (yet)
[1683550303] livestatus: Timeperiod cache not updated, there are no timeperiods (yet)
[1683550363] livestatus: Timeperiod cache not updated, there are no timeperiods (yet)
[1683550423] livestatus: Timeperiod cache not updated, there are no timeperiods (yet)
[1683550484] livestatus: Timeperiod cache not updated, there are no timeperiods (yet)
[1683550544] livestatus: Timeperiod cache not updated, there are no timeperiods (yet)
[1683550604] livestatus: Timeperiod cache not updated, there are no timeperiods (yet)
[1683550664] livestatus: Timeperiod cache not updated, there are no timeperiods (yet)
[1683550724] livestatus: Timeperiod cache not updated, there are no timeperiods (yet)
[1683550784] livestatus: Timeperiod cache not updated, there are no timeperiods (yet)
[1683550844] livestatus: Timeperiod cache not updated, there are no timeperiods (yet)
[1683550905] livestatus: Timeperiod cache not updated, there are no timeperiods (yet)
[1683550957] Auto-save of retention data completed successfully.
[1683550965] livestatus: Timeperiod cache not updated, there are no timeperiods (yet)
[1683551025] livestatus: Timeperiod cache not updated, there are no timeperiods (yet)
[1683551085] livestatus: Timeperiod cache not updated, there are no timeperiods (yet)
[1683551145] livestatus: Timeperiod cache not updated, there are no timeperiods (yet)
[1683551205] livestatus: Timeperiod cache not updated, there are no timeperiods (yet)
[1683551634] livestatus: Timeperiod cache not updated, there are no timeperiods (yet)
[1683551692] livestatus: Timeperiod cache not updated, there are no timeperiods (yet)
[1683552517] livestatus: Timeperiod cache not updated, there are no timeperiods (yet)
[1683552604] livestatus: Timeperiod cache not updated, there are no timeperiods (yet)
[1683552674] livestatus: Timeperiod cache not updated, there are no timeperiods (yet)
[1683552770] livestatus: Timeperiod cache not updated, there are no timeperiods (yet)
[1683558899] livestatus: Timeperiod cache not updated, there are no timeperiods (yet)
[1683558900] Warning: A system time change of 0d 1h 41m 55s (forwards in time) has been detected.  Compensating...
[1683558900] livestatus: TIMEPERIOD TRANSITION: 24X7;1;1
[1683577860] Warning: A system time change of 0d 5h 15m 31s (forwards in time) has been detected.  Compensating...
[1683577860] livestatus: Timeperiod cache not updated, there are no timeperiods (yet)
[1683577860] livestatus: TIMEPERIOD TRANSITION: 24X7;1;1
[1683577920] livestatus: Timeperiod cache not updated, there are no timeperiods (yet)
[1683577980] livestatus: Timeperiod cache not updated, there are no timeperiods (yet)
[1683578040] livestatus: Timeperiod cache not updated, there are no timeperiods (yet)
[1683578101] livestatus: Timeperiod cache not updated, there are no timeperiods (yet)
[1683578161] livestatus: Timeperiod cache not updated, there are no timeperiods (yet)
[1683578221] livestatus: Timeperiod cache not updated, there are no timeperiods (yet)
[1683578281] livestatus: Timeperiod cache not updated, there are no timeperiods (yet)
[1683578341] livestatus: Timeperiod cache not updated, there are no timeperiods (yet)
[1683578401] livestatus: Timeperiod cache not updated, there are no timeperiods (yet)
[1683578461] livestatus: Timeperiod cache not updated, there are no timeperiods (yet)
[1683578521] livestatus: Timeperiod cache not updated, there are no timeperiods (yet)
[1683578582] livestatus: Timeperiod cache not updated, there are no timeperiods (yet)
[1683578642] livestatus: Timeperiod cache not updated, there are no timeperiods (yet)
[1683578702] livestatus: Timeperiod cache not updated, there are no timeperiods (yet)
[1683578762] livestatus: Timeperiod cache not updated, there are no timeperiods (yet)
[1683578822] livestatus: Timeperiod cache not updated, there are no timeperiods (yet)
[1683578882] livestatus: Timeperiod cache not updated, there are no timeperiods (yet)
[1683578942] livestatus: Timeperiod cache not updated, there are no timeperiods (yet)
[1683579003] livestatus: Timeperiod cache not updated, there are no timeperiods (yet)
[1683579063] livestatus: Timeperiod cache not updated, there are no timeperiods (yet)
[1683579123] livestatus: Timeperiod cache not updated, there are no timeperiods (yet)
[1683579183] livestatus: Timeperiod cache not updated, there are no timeperiods (yet)
[1683579243] livestatus: Timeperiod cache not updated, there are no timeperiods (yet)
[1683579303] livestatus: Timeperiod cache not updated, there are no timeperiods (yet)
[1683579363] livestatus: Timeperiod cache not updated, there are no timeperiods (yet)
[1683579423] livestatus: Timeperiod cache not updated, there are no timeperiods (yet)
[1683579483] livestatus: Timeperiod cache not updated, there are no timeperiods (yet)
[1683579544] livestatus: Timeperiod cache not updated, there are no timeperiods (yet)
[1683579603] Auto-save of retention data completed successfully.
[1683579604] livestatus: Timeperiod cache not updated, there are no timeperiods (yet)
[1683579664] livestatus: Timeperiod cache not updated, there are no timeperiods (yet)
[1683579724] livestatus: Timeperiod cache not updated, there are no timeperiods (yet)
[1683579784] livestatus: Timeperiod cache not updated, there are no timeperiods (yet)
[1683579844] livestatus: Timeperiod cache not updated, there are no timeperiods (yet)
[1683579904] livestatus: Timeperiod cache not updated, there are no timeperiods (yet)
[1683579964] livestatus: Timeperiod cache not updated, there are no timeperiods (yet)
[1683580025] livestatus: Timeperiod cache not updated, there are no timeperiods (yet)
[1683580085] livestatus: Timeperiod cache not updated, there are no timeperiods (yet)
[1683580145] livestatus: Timeperiod cache not updated, there are no timeperiods (yet)
[1683580205] livestatus: Timeperiod cache not updated, there are no timeperiods (yet)
[1683580265] livestatus: Timeperiod cache not updated, there are no timeperiods (yet)
[1683580325] livestatus: Timeperiod cache not updated, there are no timeperiods (yet)
[1683580385] livestatus: Timeperiod cache not updated, there are no timeperiods (yet)
[1683580446] livestatus: Timeperiod cache not updated, there are no timeperiods (yet)
[1683580506] livestatus: Timeperiod cache not updated, there are no timeperiods (yet)
[1683580566] livestatus: Timeperiod cache not updated, there are no timeperiods (yet)
[1683580626] livestatus: Timeperiod cache not updated, there are no timeperiods (yet)
[1683580686] livestatus: Timeperiod cache not updated, there are no timeperiods (yet)
[1683580746] livestatus: Timeperiod cache not updated, there are no timeperiods (yet)
[1683580806] livestatus: Timeperiod cache not updated, there are no timeperiods (yet)
[1683580866] livestatus: Timeperiod cache not updated, there are no timeperiods (yet)
[1683580927] livestatus: Timeperiod cache not updated, there are no timeperiods (yet)
[1683580987] livestatus: Timeperiod cache not updated, there are no timeperiods (yet)
[1683581047] livestatus: Timeperiod cache not updated, there are no timeperiods (yet)
[1683581107] livestatus: Timeperiod cache not updated, there are no timeperiods (yet)
[1683581167] livestatus: Timeperiod cache not updated, there are no timeperiods (yet)
[1683581227] livestatus: Timeperiod cache not updated, there are no timeperiods (yet)
[1683581287] livestatus: Timeperiod cache not updated, there are no timeperiods (yet)
[1683581347] livestatus: Timeperiod cache not updated, there are no timeperiods (yet)
[1683581408] livestatus: Timeperiod cache not updated, there are no timeperiods (yet)
[1683581468] livestatus: Timeperiod cache not updated, there are no timeperiods (yet)
[1683581528] livestatus: Timeperiod cache not updated, there are no timeperiods (yet)
[1683581588] livestatus: Timeperiod cache not updated, there are no timeperiods (yet)
[1683581648] livestatus: Timeperiod cache not updated, there are no timeperiods (yet)
[1683581708] livestatus: Timeperiod cache not updated, there are no timeperiods (yet)
[1683581768] livestatus: Timeperiod cache not updated, there are no timeperiods (yet)
[1683581828] livestatus: Timeperiod cache not updated, there are no timeperiods (yet)
[1683581888] livestatus: Timeperiod cache not updated, there are no timeperiods (yet)
[1683581948] livestatus: Timeperiod cache not updated, there are no timeperiods (yet)
[1683582009] livestatus: Timeperiod cache not updated, there are no timeperiods (yet)
[1683582069] livestatus: Timeperiod cache not updated, there are no timeperiods (yet)
[1683582129] livestatus: Timeperiod cache not updated, there are no timeperiods (yet)
[1683582189] livestatus: Timeperiod cache not updated, there are no timeperiods (yet)
[1683582249] livestatus: Timeperiod cache not updated, there are no timeperiods (yet)
[1683582309] livestatus: Timeperiod cache not updated, there are no timeperiods (yet)
[1683582369] livestatus: Timeperiod cache not updated, there are no timeperiods (yet)
[1683582429] livestatus: Timeperiod cache not updated, there are no timeperiods (yet)
[1683582490] livestatus: Timeperiod cache not updated, there are no timeperiods (yet)
[1683582550] livestatus: Timeperiod cache not updated, there are no timeperiods (yet)
[1683582610] livestatus: Timeperiod cache not updated, there are no timeperiods (yet)
[1683582670] livestatus: Timeperiod cache not updated, there are no timeperiods (yet)
[1683582730] livestatus: Timeperiod cache not updated, there are no timeperiods (yet)
[1683582790] livestatus: Timeperiod cache not updated, there are no timeperiods (yet)
[1683582850] livestatus: Timeperiod cache not updated, there are no timeperiods (yet)
[1683582910] livestatus: Timeperiod cache not updated, there are no timeperiods (yet)
[1683582970] livestatus: Timeperiod cache not updated, there are no timeperiods (yet)
[1683583031] livestatus: Timeperiod cache not updated, there are no timeperiods (yet)
[1683583091] livestatus: Timeperiod cache not updated, there are no timeperiods (yet)
[1683583151] livestatus: Timeperiod cache not updated, there are no timeperiods (yet)
[1683583203] Auto-save of retention data completed successfully.
[1683583211] livestatus: Timeperiod cache not updated, there are no timeperiods (yet)
[1683583271] livestatus: Timeperiod cache not updated, there are no timeperiods (yet)
[1683583331] livestatus: Timeperiod cache not updated, there are no timeperiods (yet)
[1683583391] livestatus: Timeperiod cache not updated, there are no timeperiods (yet)
[1683583451] livestatus: Timeperiod cache not updated, there are no timeperiods (yet)
[1683583512] livestatus: Timeperiod cache not updated, there are no timeperiods (yet)
[1683583572] livestatus: Timeperiod cache not updated, there are no timeperiods (yet)
[1683583632] livestatus: Timeperiod cache not updated, there are no timeperiods (yet)
[1683583692] livestatus: Timeperiod cache not updated, there are no timeperiods (yet)
[1683583752] livestatus: Timeperiod cache not updated, there are no timeperiods (yet)
[1683583812] livestatus: Timeperiod cache not updated, there are no timeperiods (yet)
[1683583872] livestatus: Timeperiod cache not updated, there are no timeperiods (yet)
[1683583932] livestatus: Timeperiod cache not updated, there are no timeperiods (yet)
[1683583993] livestatus: Timeperiod cache not updated, there are no timeperiods (yet)
[1683584053] livestatus: Timeperiod cache not updated, there are no timeperiods (yet)
[1683584113] livestatus: Timeperiod cache not updated, there are no timeperiods (yet)
[1683584173] livestatus: Timeperiod cache not updated, there are no timeperiods (yet)
[1683584233] livestatus: Timeperiod cache not updated, there are no timeperiods (yet)
[1683584293] livestatus: Timeperiod cache not updated, there are no timeperiods (yet)
[1683584353] livestatus: Timeperiod cache not updated, there are no timeperiods (yet)
[1683584414] livestatus: Timeperiod cache not updated, there are no timeperiods (yet)
[1683584474] livestatus: Timeperiod cache not updated, there are no timeperiods (yet)
[1683584534] livestatus: Timeperiod cache not updated, there are no timeperiods (yet)
[1683584594] livestatus: Timeperiod cache not updated, there are no timeperiods (yet)
[1683584654] livestatus: Timeperiod cache not updated, there are no timeperiods (yet)
[1683584714] livestatus: Timeperiod cache not updated, there are no timeperiods (yet)
[1683584774] livestatus: Timeperiod cache not updated, there are no timeperiods (yet)
[1683584835] livestatus: Timeperiod cache not updated, there are no timeperiods (yet)
[1683584895] livestatus: Timeperiod cache not updated, there are no timeperiods (yet)
[1683584955] livestatus: Timeperiod cache not updated, there are no timeperiods (yet)
[1683585015] livestatus: Timeperiod cache not updated, there are no timeperiods (yet)
[1683585075] livestatus: Timeperiod cache not updated, there are no timeperiods (yet)
[1683585135] livestatus: Timeperiod cache not updated, there are no timeperiods (yet)
[1683585195] livestatus: Timeperiod cache not updated, there are no timeperiods (yet)
[1683585255] livestatus: Timeperiod cache not updated, there are no timeperiods (yet)
[1683585316] livestatus: Timeperiod cache not updated, there are no timeperiods (yet)
[1683585376] livestatus: Timeperiod cache not updated, there are no timeperiods (yet)
[1683585436] livestatus: Timeperiod cache not updated, there are no timeperiods (yet)
[1683585496] livestatus: Timeperiod cache not updated, there are no timeperiods (yet)
[1683585556] livestatus: Timeperiod cache not updated, there are no timeperiods (yet)
[1683585616] livestatus: Timeperiod cache not updated, there are no timeperiods (yet)
[1683585676] livestatus: Timeperiod cache not updated, there are no timeperiods (yet)
[1683585736] livestatus: Timeperiod cache not updated, there are no timeperiods (yet)
[1683585797] livestatus: Timeperiod cache not updated, there are no timeperiods (yet)
[1683585857] livestatus: Timeperiod cache not updated, there are no timeperiods (yet)
[1683585917] livestatus: Timeperiod cache not updated, there are no timeperiods (yet)
[1683585977] livestatus: Timeperiod cache not updated, there are no timeperiods (yet)
[1683586037] livestatus: Timeperiod cache not updated, there are no timeperiods (yet)
[1683586097] livestatus: Timeperiod cache not updated, there are no timeperiods (yet)
[1683586157] livestatus: Timeperiod cache not updated, there are no timeperiods (yet)
[1683586217] livestatus: Timeperiod cache not updated, there are no timeperiods (yet)
[1683586278] livestatus: Timeperiod cache not updated, there are no timeperiods (yet)
[1683586338] livestatus: Timeperiod cache not updated, there are no timeperiods (yet)
[1683586398] livestatus: Timeperiod cache not updated, there are no timeperiods (yet)
[1683586458] livestatus: Timeperiod cache not updated, there are no timeperiods (yet)
[1683586518] livestatus: Timeperiod cache not updated, there are no timeperiods (yet)
[1683586578] livestatus: Timeperiod cache not updated, there are no timeperiods (yet)
[1683586638] livestatus: Timeperiod cache not updated, there are no timeperiods (yet)
[1683586698] livestatus: Timeperiod cache not updated, there are no timeperiods (yet)
[1683586759] livestatus: Timeperiod cache not updated, there are no timeperiods (yet)
[1683586803] Auto-save of retention data completed successfully.
[1683586819] livestatus: Timeperiod cache not updated, there are no timeperiods (yet)
[1683586879] livestatus: Timeperiod cache not updated, there are no timeperiods (yet)
[1683586939] livestatus: Timeperiod cache not updated, there are no timeperiods (yet)
[1683586999] livestatus: Timeperiod cache not updated, there are no timeperiods (yet)
[1683587059] livestatus: Timeperiod cache not updated, there are no timeperiods (yet)
[1683587119] livestatus: Timeperiod cache not updated, there are no timeperiods (yet)
[1683587179] livestatus: Timeperiod cache not updated, there are no timeperiods (yet)
[1683587239] livestatus: Timeperiod cache not updated, there are no timeperiods (yet)
[1683587300] livestatus: Timeperiod cache not updated, there are no timeperiods (yet)
[1683587360] livestatus: Timeperiod cache not updated, there are no timeperiods (yet)
[1683587420] livestatus: Timeperiod cache not updated, there are no timeperiods (yet)
[1683587480] livestatus: Timeperiod cache not updated, there are no timeperiods (yet)
[1683587540] livestatus: Timeperiod cache not updated, there are no timeperiods (yet)
[1683587600] livestatus: Timeperiod cache not updated, there are no timeperiods (yet)
[1683587660] livestatus: Timeperiod cache not updated, there are no timeperiods (yet)
[1683587720] livestatus: Timeperiod cache not updated, there are no timeperiods (yet)
[1683587780] livestatus: Timeperiod cache not updated, there are no timeperiods (yet)
[1683587841] livestatus: Timeperiod cache not updated, there are no timeperiods (yet)
[1683587901] livestatus: Timeperiod cache not updated, there are no timeperiods (yet)
[1683587961] livestatus: Timeperiod cache not updated, there are no timeperiods (yet)
[1683588021] livestatus: Timeperiod cache not updated, there are no timeperiods (yet)
[1683588081] livestatus: Timeperiod cache not updated, there are no timeperiods (yet)
[1683588141] livestatus: Timeperiod cache not updated, there are no timeperiods (yet)
[1683588201] livestatus: Timeperiod cache not updated, there are no timeperiods (yet)
[1683588261] livestatus: Timeperiod cache not updated, there are no timeperiods (yet)
[1683588322] livestatus: Timeperiod cache not updated, there are no timeperiods (yet)
[1683588382] livestatus: Timeperiod cache not updated, there are no timeperiods (yet)
[1683588442] livestatus: Timeperiod cache not updated, there are no timeperiods (yet)
[1683588502] livestatus: Timeperiod cache not updated, there are no timeperiods (yet)
[1683588562] livestatus: Timeperiod cache not updated, there are no timeperiods (yet)
[1683588622] livestatus: Timeperiod cache not updated, there are no timeperiods (yet)
[1683588682] livestatus: Timeperiod cache not updated, there are no timeperiods (yet)
[1683588742] livestatus: Timeperiod cache not updated, there are no timeperiods (yet)
[1683588803] livestatus: Timeperiod cache not updated, there are no timeperiods (yet)
[1683588863] livestatus: Timeperiod cache not updated, there are no timeperiods (yet)
[1683588923] livestatus: Timeperiod cache not updated, there are no timeperiods (yet)
[1683588983] livestatus: Timeperiod cache not updated, there are no timeperiods (yet)
[1683589043] livestatus: Timeperiod cache not updated, there are no timeperiods (yet)
[1683589103] livestatus: Timeperiod cache not updated, there are no timeperiods (yet)
[1683589163] livestatus: Timeperiod cache not updated, there are no timeperiods (yet)
[1683589223] livestatus: Timeperiod cache not updated, there are no timeperiods (yet)
[1683589284] livestatus: Timeperiod cache not updated, there are no timeperiods (yet)
[1683589344] livestatus: Timeperiod cache not updated, there are no timeperiods (yet)
[1683589404] livestatus: Timeperiod cache not updated, there are no timeperiods (yet)
[1683589464] livestatus: Timeperiod cache not updated, there are no timeperiods (yet)
[1683589524] livestatus: Timeperiod cache not updated, there are no timeperiods (yet)
[1683596748] Warning: A system time change of 0d 1h 59m 29s (forwards in time) has been detected.  Compensating...
[1683596748] livestatus: Timeperiod cache not updated, there are no timeperiods (yet)
[1683596749] livestatus: TIMEPERIOD TRANSITION: 24X7;1;1
[1683601357] Warning: A system time change of 0d 1h 15m 58s (forwards in time) has been detected.  Compensating...
[1683601357] livestatus: Timeperiod cache not updated, there are no timeperiods (yet)
[1683601357] livestatus: TIMEPERIOD TRANSITION: 24X7;1;1
[1683608567] livestatus: Timeperiod cache not updated, there are no timeperiods (yet)
[1683608567] Warning: A system time change of 0d 1h 59m 33s (forwards in time) has been detected.  Compensating...
[1683608567] livestatus: TIMEPERIOD TRANSITION: 24X7;1;1
[1683615774] Warning: A system time change of 0d 1h 59m 59s (forwards in time) has been detected.  Compensating...
[1683615775] livestatus: Timeperiod cache not updated, there are no timeperiods (yet)
[1683615775] livestatus: TIMEPERIOD TRANSITION: 24X7;1;1
[1683622983] Warning: A system time change of 0d 1h 59m 59s (forwards in time) has been detected.  Compensating...
[1683622983] livestatus: Timeperiod cache not updated, there are no timeperiods (yet)
[1683622983] livestatus: TIMEPERIOD TRANSITION: 24X7;1;1
[1683623022] Warning: A system time change of 0d 1h 59m 32s (forwards in time) has been detected.  Compensating...
[1683623022] livestatus: TIMEPERIOD TRANSITION: 24X7;1;1
[1683623022] Warning: A system time change of 0d 1h 59m 29s (backwards in time) has been detected.  Compensating...
[1683623022] livestatus: TIMEPERIOD TRANSITION: 24X7;1;1
[1683630193] Warning: A system time change of 0d 1h 59m 59s (forwards in time) has been detected.  Compensating...
[1683630193] livestatus: Timeperiod cache not updated, there are no timeperiods (yet)
[1683630193] livestatus: TIMEPERIOD TRANSITION: 24X7;1;1
[1683630194] Warning: A system time change of 0d 0h 0m 35s (backwards in time) has been detected.  Compensating...
[1683630194] livestatus: TIMEPERIOD TRANSITION: 24X7;1;1
[1683637401] livestatus: Timeperiod cache not updated, there are no timeperiods (yet)
[1683637401] livestatus: Timeperiod cache not updated, there are no timeperiods (yet)
[1683637401] Warning: A system time change of 0d 1h 47m 42s (forwards in time) has been detected.  Compensating...
[1683637401] livestatus: TIMEPERIOD TRANSITION: 24X7;1;1
[1683637401] Auto-save of retention data completed successfully.
[1683654975] Warning: A system time change of 0d 4h 40m 19s (forwards in time) has been detected.  Compensating...
[1683654975] livestatus: Timeperiod cache not updated, there are no timeperiods (yet)
[1683654975] livestatus: TIMEPERIOD TRANSITION: 24X7;1;1
[1683660024] Warning: A system time change of 0d 1h 23m 19s (forwards in time) has been detected.  Compensating...
[1683660024] livestatus: Timeperiod cache not updated, there are no timeperiods (yet)
[1683660024] livestatus: TIMEPERIOD TRANSITION: 24X7;1;1
[1683666982] Warning: A system time change of 0d 1h 55m 49s (forwards in time) has been detected.  Compensating...
[1683666983] livestatus: Timeperiod cache not updated, there are no timeperiods (yet)
[1683666983] livestatus: TIMEPERIOD TRANSITION: 24X7;1;1
[1683666994] Warning: A system time change of 0d 3h 52m 47s (forwards in time) has been detected.  Compensating...
[1683666994] livestatus: TIMEPERIOD TRANSITION: 24X7;1;1
[1683666994] livestatus: TIMEPERIOD TRANSITION: 24X7;1;1
