[1683676800] LOG ROTATION: DAILY
[1683676800] LOG VERSION: 2.0
[1683666994] livestatus: TIMEPERIOD TRANSITION: 24X7;1;1
[1683666994] Warning: A system time change of 0d 3h 52m 44s (backwards in time) has been detected.  Compensating...
[1683666994] livestatus: TIMEPERIOD TRANSITION: 24X7;1;1
[1683667051] livestatus: Timeperiod cache not updated, there are no timeperiods (yet)
[1683706516] Warning: A system time change of 0d 10h 57m 42s (forwards in time) has been detected.  Compensating...
[1683706516] livestatus: Timeperiod cache not updated, there are no timeperiods (yet)
[1683706516] livestatus: TIMEPERIOD TRANSITION: 24X7;1;1
[1683706576] livestatus: Timeperiod cache not updated, there are no timeperiods (yet)
[1683706637] livestatus: Timeperiod cache not updated, there are no timeperiods (yet)
[1683706697] livestatus: Timeperiod cache not updated, there are no timeperiods (yet)
[1683706757] livestatus: Timeperiod cache not updated, there are no timeperiods (yet)
[1683706817] livestatus: Timeperiod cache not updated, there are no timeperiods (yet)
[1683706877] livestatus: Timeperiod cache not updated, there are no timeperiods (yet)
[1683706937] livestatus: Timeperiod cache not updated, there are no timeperiods (yet)
[1683706997] livestatus: Timeperiod cache not updated, there are no timeperiods (yet)
[1683707057] livestatus: Timeperiod cache not updated, there are no timeperiods (yet)
[1683707117] livestatus: Timeperiod cache not updated, there are no timeperiods (yet)
[1683707177] livestatus: Timeperiod cache not updated, there are no timeperiods (yet)
[1683707237] livestatus: Timeperiod cache not updated, there are no timeperiods (yet)
[1683707298] livestatus: Timeperiod cache not updated, there are no timeperiods (yet)
[1683707358] livestatus: Timeperiod cache not updated, there are no timeperiods (yet)
[1683707418] livestatus: Timeperiod cache not updated, there are no timeperiods (yet)
[1683707478] livestatus: Timeperiod cache not updated, there are no timeperiods (yet)
[1683708414] Warning: A system time change of 0d 0h 15m 26s (forwards in time) has been detected.  Compensating...
[1683708414] livestatus: Timeperiod cache not updated, there are no timeperiods (yet)
[1683708414] livestatus: TIMEPERIOD TRANSITION: 24X7;1;1
[1683709394] Warning: A system time change of 0d 0h 15m 26s (forwards in time) has been detected.  Compensating...
[1683709394] livestatus: Timeperiod cache not updated, there are no timeperiods (yet)
[1683709394] livestatus: TIMEPERIOD TRANSITION: 24X7;1;1
[1683710064] livestatus: Timeperiod cache not updated, there are no timeperiods (yet)
[1683710483] livestatus: Timeperiod cache not updated, there are no timeperiods (yet)
[1683710613] livestatus: Timeperiod cache not updated, there are no timeperiods (yet)
[1683710741] livestatus: Timeperiod cache not updated, there are no timeperiods (yet)
[1683710801] livestatus: Timeperiod cache not updated, there are no timeperiods (yet)
[1683711581] livestatus: Timeperiod cache not updated, there are no timeperiods (yet)
[1683711581] Auto-save of retention data completed successfully.
[1683711679] livestatus: Timeperiod cache not updated, there are no timeperiods (yet)
[1683711740] livestatus: Timeperiod cache not updated, there are no timeperiods (yet)
[1683711815] livestatus: Timeperiod cache not updated, there are no timeperiods (yet)
[1683712236] livestatus: Timeperiod cache not updated, there are no timeperiods (yet)
[1683712340] livestatus: Timeperiod cache not updated, there are no timeperiods (yet)
[1683712470] livestatus: Timeperiod cache not updated, there are no timeperiods (yet)
[1683712530] livestatus: Timeperiod cache not updated, there are no timeperiods (yet)
[1683712590] livestatus: Timeperiod cache not updated, there are no timeperiods (yet)
[1683712650] livestatus: Timeperiod cache not updated, there are no timeperiods (yet)
[1683712710] livestatus: Timeperiod cache not updated, there are no timeperiods (yet)
[1683712770] livestatus: Timeperiod cache not updated, there are no timeperiods (yet)
[1683712830] livestatus: Timeperiod cache not updated, there are no timeperiods (yet)
[1683712891] livestatus: Timeperiod cache not updated, there are no timeperiods (yet)
[1683712951] livestatus: Timeperiod cache not updated, there are no timeperiods (yet)
[1683713011] livestatus: Timeperiod cache not updated, there are no timeperiods (yet)
[1683713071] livestatus: Timeperiod cache not updated, there are no timeperiods (yet)
[1683713131] livestatus: Timeperiod cache not updated, there are no timeperiods (yet)
[1683713191] livestatus: Timeperiod cache not updated, there are no timeperiods (yet)
[1683713251] livestatus: Timeperiod cache not updated, there are no timeperiods (yet)
[1683713311] livestatus: Timeperiod cache not updated, there are no timeperiods (yet)
[1683713371] livestatus: Timeperiod cache not updated, there are no timeperiods (yet)
[1683713431] livestatus: Timeperiod cache not updated, there are no timeperiods (yet)
[1683713491] livestatus: Timeperiod cache not updated, there are no timeperiods (yet)
[1683713551] livestatus: Timeperiod cache not updated, there are no timeperiods (yet)
[1683713612] livestatus: Timeperiod cache not updated, there are no timeperiods (yet)
[1683713672] livestatus: Timeperiod cache not updated, there are no timeperiods (yet)
[1683713732] livestatus: Timeperiod cache not updated, there are no timeperiods (yet)
[1683713792] livestatus: Timeperiod cache not updated, there are no timeperiods (yet)
[1683713852] livestatus: Timeperiod cache not updated, there are no timeperiods (yet)
[1683713912] livestatus: Timeperiod cache not updated, there are no timeperiods (yet)
[1683713972] livestatus: Timeperiod cache not updated, there are no timeperiods (yet)
[1683714032] livestatus: Timeperiod cache not updated, there are no timeperiods (yet)
[1683714092] livestatus: Timeperiod cache not updated, there are no timeperiods (yet)
[1683714153] livestatus: Timeperiod cache not updated, there are no timeperiods (yet)
[1683714213] livestatus: Timeperiod cache not updated, there are no timeperiods (yet)
[1683714273] livestatus: Timeperiod cache not updated, there are no timeperiods (yet)
[1683714333] livestatus: Timeperiod cache not updated, there are no timeperiods (yet)
[1683714393] livestatus: Timeperiod cache not updated, there are no timeperiods (yet)
[1683714453] livestatus: Timeperiod cache not updated, there are no timeperiods (yet)
[1683714513] livestatus: Timeperiod cache not updated, there are no timeperiods (yet)
[1683714573] livestatus: Timeperiod cache not updated, there are no timeperiods (yet)
[1683714614] Auto-save of retention data completed successfully.
[1683714634] livestatus: Timeperiod cache not updated, there are no timeperiods (yet)
[1683714694] livestatus: Timeperiod cache not updated, there are no timeperiods (yet)
[1683714754] livestatus: Timeperiod cache not updated, there are no timeperiods (yet)
[1683714814] livestatus: Timeperiod cache not updated, there are no timeperiods (yet)
[1683714874] livestatus: Timeperiod cache not updated, there are no timeperiods (yet)
[1683714934] livestatus: Timeperiod cache not updated, there are no timeperiods (yet)
[1683714994] livestatus: Timeperiod cache not updated, there are no timeperiods (yet)
[1683715054] livestatus: Timeperiod cache not updated, there are no timeperiods (yet)
[1683715115] livestatus: Timeperiod cache not updated, there are no timeperiods (yet)
[1683715175] livestatus: Timeperiod cache not updated, there are no timeperiods (yet)
[1683715235] livestatus: Timeperiod cache not updated, there are no timeperiods (yet)
[1683715295] livestatus: Timeperiod cache not updated, there are no timeperiods (yet)
[1683715355] livestatus: Timeperiod cache not updated, there are no timeperiods (yet)
[1683715415] livestatus: Timeperiod cache not updated, there are no timeperiods (yet)
[1683715475] livestatus: Timeperiod cache not updated, there are no timeperiods (yet)
[1683715535] livestatus: Timeperiod cache not updated, there are no timeperiods (yet)
[1683715596] livestatus: Timeperiod cache not updated, there are no timeperiods (yet)
[1683715656] livestatus: Timeperiod cache not updated, there are no timeperiods (yet)
[1683715716] livestatus: Timeperiod cache not updated, there are no timeperiods (yet)
[1683715776] livestatus: Timeperiod cache not updated, there are no timeperiods (yet)
[1683715836] livestatus: Timeperiod cache not updated, there are no timeperiods (yet)
[1683715896] livestatus: Timeperiod cache not updated, there are no timeperiods (yet)
[1683715956] livestatus: Timeperiod cache not updated, there are no timeperiods (yet)
[1683716016] livestatus: Timeperiod cache not updated, there are no timeperiods (yet)
[1683716076] livestatus: Timeperiod cache not updated, there are no timeperiods (yet)
[1683716137] livestatus: Timeperiod cache not updated, there are no timeperiods (yet)
[1683716197] livestatus: Timeperiod cache not updated, there are no timeperiods (yet)
[1683716257] livestatus: Timeperiod cache not updated, there are no timeperiods (yet)
[1683716317] livestatus: Timeperiod cache not updated, there are no timeperiods (yet)
[1683716377] livestatus: Timeperiod cache not updated, there are no timeperiods (yet)
[1683716437] livestatus: Timeperiod cache not updated, there are no timeperiods (yet)
[1683716497] livestatus: Timeperiod cache not updated, there are no timeperiods (yet)
[1683716557] livestatus: Timeperiod cache not updated, there are no timeperiods (yet)
[1683716618] livestatus: Timeperiod cache not updated, there are no timeperiods (yet)
[1683716678] livestatus: Timeperiod cache not updated, there are no timeperiods (yet)
[1683716738] livestatus: Timeperiod cache not updated, there are no timeperiods (yet)
[1683716798] livestatus: Timeperiod cache not updated, there are no timeperiods (yet)
[1683716858] livestatus: Timeperiod cache not updated, there are no timeperiods (yet)
[1683716918] livestatus: Timeperiod cache not updated, there are no timeperiods (yet)
[1683716978] livestatus: Timeperiod cache not updated, there are no timeperiods (yet)
[1683717039] livestatus: Timeperiod cache not updated, there are no timeperiods (yet)
[1683717099] livestatus: Timeperiod cache not updated, there are no timeperiods (yet)
[1683717159] livestatus: Timeperiod cache not updated, there are no timeperiods (yet)
[1683717219] livestatus: Timeperiod cache not updated, there are no timeperiods (yet)
[1683717279] livestatus: Timeperiod cache not updated, there are no timeperiods (yet)
[1683717339] livestatus: Timeperiod cache not updated, there are no timeperiods (yet)
[1683717399] livestatus: Timeperiod cache not updated, there are no timeperiods (yet)
[1683717459] livestatus: Timeperiod cache not updated, there are no timeperiods (yet)
[1683717520] livestatus: Timeperiod cache not updated, there are no timeperiods (yet)
[1683717580] livestatus: Timeperiod cache not updated, there are no timeperiods (yet)
[1683717750] livestatus: Timeperiod cache not updated, there are no timeperiods (yet)
[1683717809] livestatus: Timeperiod cache not updated, there are no timeperiods (yet)
[1683717870] livestatus: Timeperiod cache not updated, there are no timeperiods (yet)
[1683717930] livestatus: Timeperiod cache not updated, there are no timeperiods (yet)
[1683717990] livestatus: Timeperiod cache not updated, there are no timeperiods (yet)
[1683718050] livestatus: Timeperiod cache not updated, there are no timeperiods (yet)
[1683718151] livestatus: Timeperiod cache not updated, there are no timeperiods (yet)
[1683718211] livestatus: Timeperiod cache not updated, there are no timeperiods (yet)
[1683718214] Auto-save of retention data completed successfully.
[1683718271] livestatus: Timeperiod cache not updated, there are no timeperiods (yet)
[1683718415] livestatus: Timeperiod cache not updated, there are no timeperiods (yet)
[1683718730] livestatus: Timeperiod cache not updated, there are no timeperiods (yet)
[1683718879] livestatus: Timeperiod cache not updated, there are no timeperiods (yet)
[1683720138] Warning: A system time change of 0d 0h 20m 26s (forwards in time) has been detected.  Compensating...
[1683720138] livestatus: Timeperiod cache not updated, there are no timeperiods (yet)
[1683720139] livestatus: TIMEPERIOD TRANSITION: 24X7;1;1
[1683720199] livestatus: Timeperiod cache not updated, there are no timeperiods (yet)
[1683722012] Warning: A system time change of 0d 0h 30m 0s (forwards in time) has been detected.  Compensating...
[1683722012] livestatus: Timeperiod cache not updated, there are no timeperiods (yet)
[1683722012] livestatus: TIMEPERIOD TRANSITION: 24X7;1;1
[1683722072] livestatus: Timeperiod cache not updated, there are no timeperiods (yet)
[1683722132] livestatus: Timeperiod cache not updated, there are no timeperiods (yet)
[1683722192] livestatus: Timeperiod cache not updated, there are no timeperiods (yet)
[1683722253] livestatus: Timeperiod cache not updated, there are no timeperiods (yet)
[1683722313] livestatus: Timeperiod cache not updated, there are no timeperiods (yet)
[1683724159] Warning: A system time change of 0d 0h 29m 56s (forwards in time) has been detected.  Compensating...
[1683724159] livestatus: Timeperiod cache not updated, there are no timeperiods (yet)
[1683724159] livestatus: TIMEPERIOD TRANSITION: 24X7;1;1
[1683724219] livestatus: Timeperiod cache not updated, there are no timeperiods (yet)
[1683724279] livestatus: Timeperiod cache not updated, there are no timeperiods (yet)
[1683724339] livestatus: Timeperiod cache not updated, there are no timeperiods (yet)
[1683724400] livestatus: Timeperiod cache not updated, there are no timeperiods (yet)
[1683724460] livestatus: Timeperiod cache not updated, there are no timeperiods (yet)
[1683724520] livestatus: Timeperiod cache not updated, there are no timeperiods (yet)
[1683724580] livestatus: Timeperiod cache not updated, there are no timeperiods (yet)
[1683726407] Warning: A system time change of 0d 0h 29m 58s (forwards in time) has been detected.  Compensating...
[1683726408] livestatus: Timeperiod cache not updated, there are no timeperiods (yet)
[1683726408] livestatus: TIMEPERIOD TRANSITION: 24X7;1;1
[1683726468] livestatus: Timeperiod cache not updated, there are no timeperiods (yet)
[1683726528] livestatus: Timeperiod cache not updated, there are no timeperiods (yet)
[1683726588] livestatus: Timeperiod cache not updated, there are no timeperiods (yet)
[1683726648] livestatus: Timeperiod cache not updated, there are no timeperiods (yet)
[1683726708] livestatus: Timeperiod cache not updated, there are no timeperiods (yet)
[1683726768] livestatus: Timeperiod cache not updated, there are no timeperiods (yet)
[1683726828] livestatus: Timeperiod cache not updated, there are no timeperiods (yet)
[1683728659] Warning: A system time change of 0d 0h 29m 56s (forwards in time) has been detected.  Compensating...
[1683728659] livestatus: Timeperiod cache not updated, there are no timeperiods (yet)
[1683728659] livestatus: TIMEPERIOD TRANSITION: 24X7;1;1
[1683728719] livestatus: Timeperiod cache not updated, there are no timeperiods (yet)
[1683728779] livestatus: Timeperiod cache not updated, there are no timeperiods (yet)
[1683728839] livestatus: Timeperiod cache not updated, there are no timeperiods (yet)
[1683728899] livestatus: Timeperiod cache not updated, there are no timeperiods (yet)
[1683728959] livestatus: Timeperiod cache not updated, there are no timeperiods (yet)
[1683729019] livestatus: Timeperiod cache not updated, there are no timeperiods (yet)
[1683729079] livestatus: Timeperiod cache not updated, there are no timeperiods (yet)
[1683730911] Warning: A system time change of 0d 0h 29m 58s (forwards in time) has been detected.  Compensating...
[1683730912] livestatus: Timeperiod cache not updated, there are no timeperiods (yet)
[1683730912] livestatus: TIMEPERIOD TRANSITION: 24X7;1;1
[1683730972] livestatus: Timeperiod cache not updated, there are no timeperiods (yet)
[1683731032] livestatus: Timeperiod cache not updated, there are no timeperiods (yet)
[1683731092] livestatus: Timeperiod cache not updated, there are no timeperiods (yet)
[1683731152] livestatus: Timeperiod cache not updated, there are no timeperiods (yet)
[1683731212] livestatus: Timeperiod cache not updated, there are no timeperiods (yet)
[1683731748] livestatus: Timeperiod cache not updated, there are no timeperiods (yet)
[1683732845] Warning: A system time change of 0d 0h 18m 7s (forwards in time) has been detected.  Compensating...
[1683732845] livestatus: Timeperiod cache not updated, there are no timeperiods (yet)
[1683732845] livestatus: TIMEPERIOD TRANSITION: 24X7;1;1
[1683732935] livestatus: Timeperiod cache not updated, there are no timeperiods (yet)
[1683733006] livestatus: Timeperiod cache not updated, there are no timeperiods (yet)
[1683736095] Warning: A system time change of 0d 0h 50m 48s (forwards in time) has been detected.  Compensating...
[1683736096] livestatus: Timeperiod cache not updated, there are no timeperiods (yet)
[1683736096] livestatus: TIMEPERIOD TRANSITION: 24X7;1;1
[1683742240] Warning: A system time change of 0d 1h 42m 15s (forwards in time) has been detected.  Compensating...
[1683742240] livestatus: Timeperiod cache not updated, there are no timeperiods (yet)
[1683742240] livestatus: TIMEPERIOD TRANSITION: 24X7;1;1
[1683743270] Warning: A system time change of 0d 0h 17m 0s (forwards in time) has been detected.  Compensating...
[1683743270] livestatus: Timeperiod cache not updated, there are no timeperiods (yet)
[1683743270] livestatus: TIMEPERIOD TRANSITION: 24X7;1;1
[1683745488] Warning: A system time change of 0d 0h 36m 48s (forwards in time) has been detected.  Compensating...
[1683745488] livestatus: Timeperiod cache not updated, there are no timeperiods (yet)
[1683745488] livestatus: TIMEPERIOD TRANSITION: 24X7;1;1
[1683745526] Auto-save of retention data completed successfully.
[1683748775] Warning: A system time change of 0d 0h 53m 55s (forwards in time) has been detected.  Compensating...
[1683753589] livestatus: Timeperiod cache not updated, there are no timeperiods (yet)
[1683753589] livestatus: TIMEPERIOD TRANSITION: 24X7;1;1
[1683753589] Warning: A system time change of 0d 1h 20m 20s (forwards in time) has been detected.  Compensating...
[1683753590] livestatus: TIMEPERIOD TRANSITION: 24X7;1;1
[1683750395] Warning: A system time change of 0d 0h 53m 44s (backwards in time) has been detected.  Compensating...
[1683750395] livestatus: TIMEPERIOD TRANSITION: 24X7;1;1
[1683752396] Warning: A system time change of 0d 0h 33m 5s (forwards in time) has been detected.  Compensating...
[1683752397] livestatus: TIMEPERIOD TRANSITION: 24X7;1;1
[1683753649] livestatus: Timeperiod cache not updated, there are no timeperiods (yet)
[1683753709] livestatus: Timeperiod cache not updated, there are no timeperiods (yet)
[1683753769] livestatus: Timeperiod cache not updated, there are no timeperiods (yet)
[1683753829] livestatus: Timeperiod cache not updated, there are no timeperiods (yet)
[1683753889] livestatus: Timeperiod cache not updated, there are no timeperiods (yet)
[1683753949] livestatus: Timeperiod cache not updated, there are no timeperiods (yet)
[1683754009] livestatus: Timeperiod cache not updated, there are no timeperiods (yet)
[1683754070] livestatus: Timeperiod cache not updated, there are no timeperiods (yet)
[1683754130] livestatus: Timeperiod cache not updated, there are no timeperiods (yet)
[1683754190] livestatus: Timeperiod cache not updated, there are no timeperiods (yet)
[1683754250] livestatus: Timeperiod cache not updated, there are no timeperiods (yet)
[1683754310] livestatus: Timeperiod cache not updated, there are no timeperiods (yet)
[1683754370] livestatus: Timeperiod cache not updated, there are no timeperiods (yet)
[1683754430] livestatus: Timeperiod cache not updated, there are no timeperiods (yet)
[1683754490] livestatus: Timeperiod cache not updated, there are no timeperiods (yet)
[1683754550] livestatus: Timeperiod cache not updated, there are no timeperiods (yet)
[1683754611] livestatus: Timeperiod cache not updated, there are no timeperiods (yet)
[1683754671] livestatus: Timeperiod cache not updated, there are no timeperiods (yet)
[1683754731] livestatus: Timeperiod cache not updated, there are no timeperiods (yet)
[1683754791] livestatus: Timeperiod cache not updated, there are no timeperiods (yet)
[1683754851] livestatus: Timeperiod cache not updated, there are no timeperiods (yet)
[1683754911] livestatus: Timeperiod cache not updated, there are no timeperiods (yet)
[1683754971] livestatus: Timeperiod cache not updated, there are no timeperiods (yet)
[1683755031] livestatus: Timeperiod cache not updated, there are no timeperiods (yet)
[1683755092] livestatus: Timeperiod cache not updated, there are no timeperiods (yet)
[1683755152] livestatus: Timeperiod cache not updated, there are no timeperiods (yet)
[1683755212] livestatus: Timeperiod cache not updated, there are no timeperiods (yet)
[1683755272] livestatus: Timeperiod cache not updated, there are no timeperiods (yet)
[1683755332] livestatus: Timeperiod cache not updated, there are no timeperiods (yet)
[1683755392] livestatus: Timeperiod cache not updated, there are no timeperiods (yet)
[1683755452] livestatus: Timeperiod cache not updated, there are no timeperiods (yet)
[1683755512] livestatus: Timeperiod cache not updated, there are no timeperiods (yet)
[1683755572] livestatus: Timeperiod cache not updated, there are no timeperiods (yet)
[1683755633] livestatus: Timeperiod cache not updated, there are no timeperiods (yet)
[1683755693] livestatus: Timeperiod cache not updated, there are no timeperiods (yet)
[1683755753] livestatus: Timeperiod cache not updated, there are no timeperiods (yet)
[1683755813] livestatus: Timeperiod cache not updated, there are no timeperiods (yet)
[1683755873] livestatus: Timeperiod cache not updated, there are no timeperiods (yet)
[1683755933] livestatus: Timeperiod cache not updated, there are no timeperiods (yet)
[1683755942] Auto-save of retention data completed successfully.
[1683755993] livestatus: Timeperiod cache not updated, there are no timeperiods (yet)
[1683756053] livestatus: Timeperiod cache not updated, there are no timeperiods (yet)
[1683756114] livestatus: Timeperiod cache not updated, there are no timeperiods (yet)
[1683756174] livestatus: Timeperiod cache not updated, there are no timeperiods (yet)
[1683756234] livestatus: Timeperiod cache not updated, there are no timeperiods (yet)
[1683756294] livestatus: Timeperiod cache not updated, there are no timeperiods (yet)
[1683756354] livestatus: Timeperiod cache not updated, there are no timeperiods (yet)
[1683756414] livestatus: Timeperiod cache not updated, there are no timeperiods (yet)
[1683756474] livestatus: Timeperiod cache not updated, there are no timeperiods (yet)
[1683756534] livestatus: Timeperiod cache not updated, there are no timeperiods (yet)
[1683756594] livestatus: Timeperiod cache not updated, there are no timeperiods (yet)
[1683756655] livestatus: Timeperiod cache not updated, there are no timeperiods (yet)
[1683756715] livestatus: Timeperiod cache not updated, there are no timeperiods (yet)
[1683756775] livestatus: Timeperiod cache not updated, there are no timeperiods (yet)
[1683756835] livestatus: Timeperiod cache not updated, there are no timeperiods (yet)
[1683756895] livestatus: Timeperiod cache not updated, there are no timeperiods (yet)
[1683756955] livestatus: Timeperiod cache not updated, there are no timeperiods (yet)
[1683757015] livestatus: Timeperiod cache not updated, there are no timeperiods (yet)
[1683757075] livestatus: Timeperiod cache not updated, there are no timeperiods (yet)
[1683757136] livestatus: Timeperiod cache not updated, there are no timeperiods (yet)
[1683757196] livestatus: Timeperiod cache not updated, there are no timeperiods (yet)
[1683757256] livestatus: Timeperiod cache not updated, there are no timeperiods (yet)
[1683757316] livestatus: Timeperiod cache not updated, there are no timeperiods (yet)
[1683757376] livestatus: Timeperiod cache not updated, there are no timeperiods (yet)
[1683757436] livestatus: Timeperiod cache not updated, there are no timeperiods (yet)
[1683757496] livestatus: Timeperiod cache not updated, there are no timeperiods (yet)
[1683757556] livestatus: Timeperiod cache not updated, there are no timeperiods (yet)
[1683757617] livestatus: Timeperiod cache not updated, there are no timeperiods (yet)
[1683757677] livestatus: Timeperiod cache not updated, there are no timeperiods (yet)
[1683757737] livestatus: Timeperiod cache not updated, there are no timeperiods (yet)
[1683757797] livestatus: Timeperiod cache not updated, there are no timeperiods (yet)
[1683757857] livestatus: Timeperiod cache not updated, there are no timeperiods (yet)
[1683757917] livestatus: Timeperiod cache not updated, there are no timeperiods (yet)
[1683757977] livestatus: Timeperiod cache not updated, there are no timeperiods (yet)
[1683758037] livestatus: Timeperiod cache not updated, there are no timeperiods (yet)
[1683758098] livestatus: Timeperiod cache not updated, there are no timeperiods (yet)
[1683758158] livestatus: Timeperiod cache not updated, there are no timeperiods (yet)
[1683758218] livestatus: Timeperiod cache not updated, there are no timeperiods (yet)
[1683758278] livestatus: Timeperiod cache not updated, there are no timeperiods (yet)
[1683758338] livestatus: Timeperiod cache not updated, there are no timeperiods (yet)
[1683758398] livestatus: Timeperiod cache not updated, there are no timeperiods (yet)
[1683758458] livestatus: Timeperiod cache not updated, there are no timeperiods (yet)
[1683758518] livestatus: Timeperiod cache not updated, there are no timeperiods (yet)
[1683758578] livestatus: Timeperiod cache not updated, there are no timeperiods (yet)
[1683758639] livestatus: Timeperiod cache not updated, there are no timeperiods (yet)
[1683758699] livestatus: Timeperiod cache not updated, there are no timeperiods (yet)
[1683758759] livestatus: Timeperiod cache not updated, there are no timeperiods (yet)
[1683758819] livestatus: Timeperiod cache not updated, there are no timeperiods (yet)
[1683758879] livestatus: Timeperiod cache not updated, there are no timeperiods (yet)
[1683758939] livestatus: Timeperiod cache not updated, there are no timeperiods (yet)
[1683758999] livestatus: Timeperiod cache not updated, there are no timeperiods (yet)
[1683759059] livestatus: Timeperiod cache not updated, there are no timeperiods (yet)
[1683759120] livestatus: Timeperiod cache not updated, there are no timeperiods (yet)
[1683759180] livestatus: Timeperiod cache not updated, there are no timeperiods (yet)
[1683759240] livestatus: Timeperiod cache not updated, there are no timeperiods (yet)
[1683759300] livestatus: Timeperiod cache not updated, there are no timeperiods (yet)
[1683759360] livestatus: Timeperiod cache not updated, there are no timeperiods (yet)
[1683759420] livestatus: Timeperiod cache not updated, there are no timeperiods (yet)
[1683759480] livestatus: Timeperiod cache not updated, there are no timeperiods (yet)
[1683759540] livestatus: Timeperiod cache not updated, there are no timeperiods (yet)
[1683759542] Auto-save of retention data completed successfully.
[1683759601] livestatus: Timeperiod cache not updated, there are no timeperiods (yet)
[1683759661] livestatus: Timeperiod cache not updated, there are no timeperiods (yet)
[1683759721] livestatus: Timeperiod cache not updated, there are no timeperiods (yet)
[1683759781] livestatus: Timeperiod cache not updated, there are no timeperiods (yet)
[1683759841] livestatus: Timeperiod cache not updated, there are no timeperiods (yet)
[1683759901] livestatus: Timeperiod cache not updated, there are no timeperiods (yet)
[1683759961] livestatus: Timeperiod cache not updated, there are no timeperiods (yet)
[1683760021] livestatus: Timeperiod cache not updated, there are no timeperiods (yet)
[1683760081] livestatus: Timeperiod cache not updated, there are no timeperiods (yet)
[1683760142] livestatus: Timeperiod cache not updated, there are no timeperiods (yet)
[1683760202] livestatus: Timeperiod cache not updated, there are no timeperiods (yet)
[1683760262] livestatus: Timeperiod cache not updated, there are no timeperiods (yet)
[1683760322] livestatus: Timeperiod cache not updated, there are no timeperiods (yet)
[1683760382] livestatus: Timeperiod cache not updated, there are no timeperiods (yet)
[1683760442] livestatus: Timeperiod cache not updated, there are no timeperiods (yet)
[1683760502] livestatus: Timeperiod cache not updated, there are no timeperiods (yet)
[1683760562] livestatus: Timeperiod cache not updated, there are no timeperiods (yet)
[1683760622] livestatus: Timeperiod cache not updated, there are no timeperiods (yet)
[1683760683] livestatus: Timeperiod cache not updated, there are no timeperiods (yet)
[1683760743] livestatus: Timeperiod cache not updated, there are no timeperiods (yet)
[1683760803] livestatus: Timeperiod cache not updated, there are no timeperiods (yet)
[1683760863] livestatus: Timeperiod cache not updated, there are no timeperiods (yet)
[1683760923] livestatus: Timeperiod cache not updated, there are no timeperiods (yet)
[1683760983] livestatus: Timeperiod cache not updated, there are no timeperiods (yet)
[1683761043] livestatus: Timeperiod cache not updated, there are no timeperiods (yet)
[1683761103] livestatus: Timeperiod cache not updated, there are no timeperiods (yet)
[1683761163] livestatus: Timeperiod cache not updated, there are no timeperiods (yet)
[1683761224] livestatus: Timeperiod cache not updated, there are no timeperiods (yet)
[1683761284] livestatus: Timeperiod cache not updated, there are no timeperiods (yet)
[1683761344] livestatus: Timeperiod cache not updated, there are no timeperiods (yet)
[1683761404] livestatus: Timeperiod cache not updated, there are no timeperiods (yet)
[1683761464] livestatus: Timeperiod cache not updated, there are no timeperiods (yet)
[1683761524] livestatus: Timeperiod cache not updated, there are no timeperiods (yet)
[1683761584] livestatus: Timeperiod cache not updated, there are no timeperiods (yet)
[1683761644] livestatus: Timeperiod cache not updated, there are no timeperiods (yet)
[1683761705] livestatus: Timeperiod cache not updated, there are no timeperiods (yet)
[1683761765] livestatus: Timeperiod cache not updated, there are no timeperiods (yet)
[1683761825] livestatus: Timeperiod cache not updated, there are no timeperiods (yet)
[1683761885] livestatus: Timeperiod cache not updated, there are no timeperiods (yet)
[1683761945] livestatus: Timeperiod cache not updated, there are no timeperiods (yet)
[1683762005] livestatus: Timeperiod cache not updated, there are no timeperiods (yet)
[1683762065] livestatus: Timeperiod cache not updated, there are no timeperiods (yet)
[1683762126] livestatus: Timeperiod cache not updated, there are no timeperiods (yet)
[1683762186] livestatus: Timeperiod cache not updated, there are no timeperiods (yet)
[1683762246] livestatus: Timeperiod cache not updated, there are no timeperiods (yet)
[1683762306] livestatus: Timeperiod cache not updated, there are no timeperiods (yet)
[1683762366] livestatus: Timeperiod cache not updated, there are no timeperiods (yet)
[1683762426] livestatus: Timeperiod cache not updated, there are no timeperiods (yet)
[1683762486] livestatus: Timeperiod cache not updated, there are no timeperiods (yet)
[1683762547] livestatus: Timeperiod cache not updated, there are no timeperiods (yet)
[1683762607] livestatus: Timeperiod cache not updated, there are no timeperiods (yet)
[1683762667] livestatus: Timeperiod cache not updated, there are no timeperiods (yet)
[1683762727] livestatus: Timeperiod cache not updated, there are no timeperiods (yet)
[1683762787] livestatus: Timeperiod cache not updated, there are no timeperiods (yet)
[1683762847] livestatus: Timeperiod cache not updated, there are no timeperiods (yet)
[1683762907] livestatus: Timeperiod cache not updated, there are no timeperiods (yet)
[1683762967] livestatus: Timeperiod cache not updated, there are no timeperiods (yet)
[1683763028] livestatus: Timeperiod cache not updated, there are no timeperiods (yet)
[1683763088] livestatus: Timeperiod cache not updated, there are no timeperiods (yet)
[1683763142] Auto-save of retention data completed successfully.
[1683763148] livestatus: Timeperiod cache not updated, there are no timeperiods (yet)
[1683763200] livestatus: TIMEPERIOD TRANSITION: 24X7;1;1
